TN:
SF:src/instrumentation.ts
FN:5,register
FN:8,(anonymous_1)
FN:11,(anonymous_2)
FNF:3
FNH:0
FNDA:0,register
FNDA:0,(anonymous_1)
FNDA:0,(anonymous_2)
DA:6,0
DA:7,0
DA:9,0
DA:12,0
DA:15,0
DA:18,0
DA:19,0
DA:24,0
LF:8
LH:0
BRDA:6,0,0,0
BRDA:6,0,1,0
BRDA:18,1,0,0
BRDA:18,1,1,0
BRF:4
BRH:0
end_of_record
TN:
SF:src/middleware.ts
FN:3,createRequestId
FN:18,middleware
FNF:2
FNH:2
FNDA:3,createRequestId
FNDA:4,middleware
DA:4,3
DA:5,3
DA:6,0
DA:7,0
DA:8,0
DA:9,0
DA:10,0
DA:11,0
DA:13,0
DA:15,0
DA:21,4
DA:23,4
DA:24,4
DA:26,4
DA:29,4
DA:30,4
DA:33,1
LF:17
LH:9
BRDA:5,0,0,3
BRDA:5,0,1,0
BRDA:6,1,0,0
BRDA:6,1,1,0
BRDA:21,2,0,4
BRDA:21,2,1,3
BRF:6
BRH:3
end_of_record
TN:
SF:src/app/robots.ts
FN:3,robots
FNF:1
FNH:0
FNDA:0,robots
DA:4,0
LF:1
LH:0
BRF:0
BRH:0
end_of_record
TN:
SF:src/app/sitemap.ts
FN:3,sitemap
FNF:1
FNH:0
FNDA:0,sitemap
DA:4,0
LF:1
LH:0
BRF:0
BRH:0
end_of_record
TN:
SF:src/app/alerts/alertsUtils.ts
FN:18,getEntityHref
FN:29,getSafeExternalUrl
FN:42,getSafeInternalPath
FN:50,severityBadge
FN:58,statusBadge
FN:218,sloStatusBadge
FN:225,sloStatusLabel
FN:231,formatSloValue
FN:237,formatSloTarget
FN:243,getSloEntries
FN:290,getInitialInstanceId
FNF:11
FNH:0
FNDA:0,getEntityHref
FNDA:0,getSafeExternalUrl
FNDA:0,getSafeInternalPath
FNDA:0,severityBadge
FNDA:0,statusBadge
FNDA:0,sloStatusBadge
FNDA:0,sloStatusLabel
FNDA:0,formatSloValue
FNDA:0,formatSloTarget
FNDA:0,getSloEntries
FNDA:0,getInitialInstanceId
DA:19,0
DA:20,0
DA:21,0
DA:22,0
DA:23,0
DA:24,0
DA:25,0
DA:26,0
DA:30,0
DA:31,0
DA:32,0
DA:33,0
DA:34,0
DA:35,0
DA:36,0
DA:38,0
DA:43,0
DA:44,0
DA:45,0
DA:46,0
DA:47,0
DA:51,0
DA:52,0
DA:53,0
DA:54,0
DA:55,0
DA:59,0
DA:60,0
DA:61,0
DA:62,0
DA:65,0
DA:75,0
DA:88,0
DA:104,0
DA:219,0
DA:220,0
DA:221,0
DA:222,0
DA:226,0
DA:227,0
DA:228,0
DA:232,0
DA:233,0
DA:234,0
DA:238,0
DA:239,0
DA:240,0
DA:244,0
DA:291,0
DA:292,0
DA:293,0
DA:294,0
DA:295,0
DA:297,0
DA:298,0
DA:300,0
DA:302,0
LF:57
LH:0
BRDA:20,0,0,0
BRDA:20,0,1,0
BRDA:21,1,0,0
BRDA:21,1,1,0
BRDA:21,2,0,0
BRDA:21,2,1,0
BRDA:22,3,0,0
BRDA:22,3,1,0
BRDA:22,4,0,0
BRDA:22,4,1,0
BRDA:24,5,0,0
BRDA:24,5,1,0
BRDA:25,6,0,0
BRDA:25,6,1,0
BRDA:31,7,0,0
BRDA:31,7,1,0
BRDA:32,8,0,0
BRDA:32,8,1,0
BRDA:35,9,0,0
BRDA:35,9,1,0
BRDA:35,10,0,0
BRDA:35,10,1,0
BRDA:44,11,0,0
BRDA:44,11,1,0
BRDA:45,12,0,0
BRDA:45,12,1,0
BRDA:46,13,0,0
BRDA:46,13,1,0
BRDA:51,14,0,0
BRDA:51,14,1,0
BRDA:53,15,0,0
BRDA:53,15,1,0
BRDA:59,16,0,0
BRDA:59,16,1,0
BRDA:60,17,0,0
BRDA:60,17,1,0
BRDA:219,18,0,0
BRDA:219,18,1,0
BRDA:221,19,0,0
BRDA:221,19,1,0
BRDA:226,20,0,0
BRDA:226,20,1,0
BRDA:227,21,0,0
BRDA:227,21,1,0
BRDA:232,22,0,0
BRDA:232,22,1,0
BRDA:232,23,0,0
BRDA:232,23,1,0
BRDA:233,24,0,0
BRDA:233,24,1,0
BRDA:238,25,0,0
BRDA:238,25,1,0
BRDA:239,26,0,0
BRDA:239,26,1,0
BRDA:292,27,0,0
BRDA:292,27,1,0
BRDA:294,28,0,0
BRDA:294,28,1,0
BRDA:297,29,0,0
BRDA:297,29,1,0
BRDA:297,30,0,0
BRDA:297,30,1,0
BRDA:298,31,0,0
BRDA:298,31,1,0
BRDA:298,32,0,0
BRDA:298,32,1,0
BRF:66
BRH:0
end_of_record
TN:
SF:src/app/api/admin/kv/route.ts
FN:33,GET
FN:34,(anonymous_1)
FN:65,PUT
FN:66,(anonymous_3)
FN:79,(anonymous_4)
FN:99,DELETE
FN:100,(anonymous_6)
FNF:7
FNH:0
FNDA:0,GET
FNDA:0,(anonymous_1)
FNDA:0,PUT
FNDA:0,(anonymous_3)
FNDA:0,(anonymous_4)
FNDA:0,DELETE
FNDA:0,(anonymous_6)
DA:17,0
DA:24,0
DA:29,0
DA:34,0
DA:35,0
DA:40,0
DA:41,0
DA:45,0
DA:47,0
DA:48,0
DA:49,0
DA:51,0
DA:52,0
DA:53,0
DA:56,0
DA:61,0
DA:66,0
DA:67,0
DA:72,0
DA:73,0
DA:77,0
DA:79,0
DA:80,0
DA:82,0
DA:83,0
DA:86,0
DA:87,0
DA:88,0
DA:95,0
DA:100,0
DA:101,0
DA:106,0
DA:107,0
DA:111,0
DA:113,0
DA:114,0
DA:115,0
DA:117,0
DA:118,0
DA:121,0
DA:122,0
DA:123,0
DA:130,0
LF:43
LH:0
BRDA:40,0,0,0
BRDA:40,0,1,0
BRDA:45,1,0,0
BRDA:45,1,1,0
BRDA:51,2,0,0
BRDA:51,2,1,0
BRDA:57,3,0,0
BRDA:57,3,1,0
BRDA:72,4,0,0
BRDA:72,4,1,0
BRDA:77,5,0,0
BRDA:77,5,1,0
BRDA:82,6,0,0
BRDA:82,6,1,0
BRDA:106,7,0,0
BRDA:106,7,1,0
BRDA:111,8,0,0
BRDA:111,8,1,0
BRDA:117,9,0,0
BRDA:117,9,1,0
BRF:20
BRH:0
end_of_record
TN:
SF:src/app/api/admin/tokens/route.ts
FN:25,GET
FN:26,(anonymous_1)
FN:43,POST
FN:44,(anonymous_3)
FN:56,(anonymous_4)
FN:76,DELETE
FN:77,(anonymous_6)
FNF:7
FNH:0
FNDA:0,GET
FNDA:0,(anonymous_1)
FNDA:0,POST
FNDA:0,(anonymous_3)
FNDA:0,(anonymous_4)
FNDA:0,DELETE
FNDA:0,(anonymous_6)
DA:16,0
DA:21,0
DA:26,0
DA:27,0
DA:32,0
DA:33,0
DA:37,0
DA:38,0
DA:39,0
DA:44,0
DA:45,0
DA:50,0
DA:51,0
DA:55,0
DA:56,0
DA:57,0
DA:58,0
DA:59,0
DA:60,0
DA:65,0
DA:72,0
DA:77,0
DA:78,0
DA:83,0
DA:84,0
DA:88,0
DA:89,0
DA:90,0
DA:91,0
DA:92,0
DA:93,0
DA:94,0
DA:95,0
DA:96,0
DA:103,0
LF:35
LH:0
BRDA:32,0,0,0
BRDA:32,0,1,0
BRDA:37,1,0,0
BRDA:37,1,1,0
BRDA:50,2,0,0
BRDA:50,2,1,0
BRDA:55,3,0,0
BRDA:55,3,1,0
BRDA:58,4,0,0
BRDA:58,4,1,0
BRDA:83,5,0,0
BRDA:83,5,1,0
BRDA:88,6,0,0
BRDA:88,6,1,0
BRDA:92,7,0,0
BRDA:92,7,1,0
BRDA:95,8,0,0
BRDA:95,8,1,0
BRF:18
BRH:0
end_of_record
TN:
SF:src/app/api/audit/route.ts
FN:9,GET
FN:10,(anonymous_1)
FN:98,POST
FN:99,(anonymous_3)
FNF:4
FNH:0
FNDA:0,GET
FNDA:0,(anonymous_1)
FNDA:0,POST
FNDA:0,(anonymous_3)
DA:7,0
DA:10,0
DA:11,0
DA:12,0
DA:13,0
DA:14,0
DA:15,0
DA:16,0
DA:17,0
DA:18,0
DA:19,0
DA:20,0
DA:22,0
DA:34,0
DA:35,0
DA:62,0
DA:85,0
DA:92,0
DA:93,0
DA:99,0
DA:100,0
DA:102,0
DA:103,0
DA:125,0
DA:127,0
DA:128,0
LF:26
LH:0
BRDA:13,0,0,0
BRDA:13,0,1,0
BRDA:16,1,0,0
BRDA:16,1,1,0
BRDA:17,2,0,0
BRDA:17,2,1,0
BRDA:18,3,0,0
BRDA:18,3,1,0
BRDA:19,4,0,0
BRDA:19,4,1,0
BRDA:20,5,0,0
BRDA:20,5,1,0
BRDA:39,6,0,0
BRDA:39,6,1,0
BRDA:40,7,0,0
BRDA:40,7,1,0
BRDA:41,8,0,0
BRDA:41,8,1,0
BRDA:42,9,0,0
BRDA:42,9,1,0
BRDA:43,10,0,0
BRDA:43,10,1,0
BRDA:44,11,0,0
BRDA:44,11,1,0
BRDA:45,12,0,0
BRDA:45,12,1,0
BRDA:50,13,0,0
BRDA:50,13,1,0
BRDA:66,14,0,0
BRDA:66,14,1,0
BRDA:67,15,0,0
BRDA:67,15,1,0
BRDA:68,16,0,0
BRDA:68,16,1,0
BRDA:69,17,0,0
BRDA:69,17,1,0
BRDA:70,18,0,0
BRDA:70,18,1,0
BRDA:71,19,0,0
BRDA:71,19,1,0
BRDA:72,20,0,0
BRDA:72,20,1,0
BRDA:75,21,0,0
BRDA:75,21,1,0
BRDA:87,22,0,0
BRDA:87,22,1,0
BRF:46
BRH:0
end_of_record
TN:
SF:src/app/api/comments/route.ts
FN:9,GET
FN:10,(anonymous_1)
FN:99,POST
FN:100,(anonymous_3)
FNF:4
FNH:0
FNDA:0,GET
FNDA:0,(anonymous_1)
FNDA:0,POST
FNDA:0,(anonymous_3)
DA:7,0
DA:10,0
DA:11,0
DA:12,0
DA:13,0
DA:14,0
DA:15,0
DA:16,0
DA:17,0
DA:19,0
DA:28,0
DA:29,0
DA:37,0
DA:70,0
DA:86,0
DA:93,0
DA:94,0
DA:100,0
DA:101,0
DA:102,0
DA:103,0
DA:105,0
DA:106,0
DA:109,0
DA:110,0
DA:113,0
DA:114,0
DA:117,0
DA:118,0
DA:135,0
DA:142,0
DA:156,0
DA:157,0
LF:33
LH:0
BRDA:13,0,0,0
BRDA:13,0,1,0
BRDA:14,1,0,0
BRDA:14,1,1,0
BRDA:15,2,0,0
BRDA:15,2,1,0
BRDA:16,3,0,0
BRDA:16,3,1,0
BRDA:17,4,0,0
BRDA:17,4,1,0
BRDA:29,5,0,0
BRDA:29,5,1,0
BRDA:31,6,0,0
BRDA:31,6,1,0
BRDA:33,7,0,0
BRDA:33,7,1,0
BRDA:55,8,0,0
BRDA:55,8,1,0
BRDA:56,9,0,0
BRDA:56,9,1,0
BRDA:57,10,0,0
BRDA:57,10,1,0
BRDA:75,11,0,0
BRDA:75,11,1,0
BRDA:76,12,0,0
BRDA:76,12,1,0
BRDA:77,13,0,0
BRDA:77,13,1,0
BRDA:88,14,0,0
BRDA:88,14,1,0
BRDA:105,15,0,0
BRDA:105,15,1,0
BRDA:109,16,0,0
BRDA:109,16,1,0
BRDA:109,17,0,0
BRDA:109,17,1,0
BRDA:109,17,2,0
BRDA:113,18,0,0
BRDA:113,18,1,0
BRDA:131,19,0,0
BRDA:131,19,1,0
BRDA:146,20,0,0
BRDA:146,20,1,0
BRF:43
BRH:0
end_of_record
TN:
SF:src/app/api/docs/route.ts
FN:7,GET
FNF:1
FNH:0
FNDA:0,GET
DA:5,0
DA:8,0
DA:9,0
DA:11,0
DA:13,0
DA:14,0
DA:24,0
DA:25,0
DA:32,0
DA:33,0
DA:43,0
DA:44,0
DA:51,0
LF:13
LH:0
BRDA:9,0,0,0
BRDA:9,0,1,0
BRDA:13,1,0,0
BRDA:13,1,1,0
BRDA:32,2,0,0
BRDA:32,2,1,0
BRF:6
BRH:0
end_of_record
TN:
SF:src/app/api/events/route.ts
FN:7,GET
FN:8,(anonymous_1)
FN:16,(anonymous_2)
FN:17,(anonymous_3)
FN:22,(anonymous_4)
FN:39,(anonymous_5)
FN:46,(anonymous_6)
FN:75,(anonymous_7)
FN:77,(anonymous_8)
FN:82,(anonymous_9)
FN:83,(anonymous_10)
FN:95,getEventBus
FNF:12
FNH:0
FNDA:0,GET
FNDA:0,(anonymous_1)
FNDA:0,(anonymous_2)
FNDA:0,(anonymous_3)
FNDA:0,(anonymous_4)
FNDA:0,(anonymous_5)
FNDA:0,(anonymous_6)
FNDA:0,(anonymous_7)
FNDA:0,(anonymous_8)
FNDA:0,(anonymous_9)
FNDA:0,(anonymous_10)
FNDA:0,getEventBus
DA:5,0
DA:8,0
DA:9,0
DA:10,0
DA:12,0
DA:14,0
DA:15,0
DA:17,0
DA:18,0
DA:19,0
DA:22,0
DA:23,0
DA:26,0
DA:28,0
DA:29,0
DA:36,0
DA:38,0
DA:39,0
DA:40,0
DA:41,0
DA:42,0
DA:46,0
DA:47,0
DA:48,0
DA:49,0
DA:50,0
DA:53,0
DA:54,0
DA:59,0
DA:73,0
DA:76,0
DA:77,0
DA:78,0
DA:83,0
DA:84,0
DA:85,0
DA:87,0
DA:93,0
DA:96,0
DA:97,0
DA:99,0
LF:41
LH:0
BRDA:10,0,0,0
BRDA:10,0,1,0
BRDA:41,1,0,0
BRDA:41,1,1,0
BRDA:41,2,0,0
BRDA:41,2,1,0
BRDA:47,3,0,0
BRDA:47,3,1,0
BRDA:96,4,0,0
BRDA:96,4,1,0
BRF:10
BRH:0
end_of_record
TN:
SF:src/app/api/export/route.ts
FN:7,GET
FN:8,(anonymous_1)
FNF:2
FNH:0
FNDA:0,GET
FNDA:0,(anonymous_1)
DA:5,0
DA:8,0
DA:9,0
DA:10,0
DA:11,0
DA:12,0
DA:13,0
DA:14,0
DA:15,0
DA:17,0
DA:18,0
DA:21,0
DA:23,0
DA:25,0
DA:26,0
DA:27,0
DA:28,0
DA:29,0
DA:31,0
DA:34,0
DA:35,0
DA:36,0
DA:39,0
DA:40,0
DA:41,0
DA:42,0
DA:43,0
DA:45,0
DA:48,0
DA:49,0
DA:50,0
DA:53,0
DA:54,0
DA:55,0
DA:56,0
DA:58,0
DA:61,0
DA:62,0
DA:63,0
DA:66,0
DA:69,0
DA:71,0
LF:42
LH:0
BRDA:11,0,0,0
BRDA:11,0,1,0
BRDA:12,1,0,0
BRDA:12,1,1,0
BRDA:13,2,0,0
BRDA:13,2,1,0
BRDA:14,3,0,0
BRDA:14,3,1,0
BRDA:15,4,0,0
BRDA:15,4,1,0
BRDA:17,5,0,0
BRDA:17,5,1,0
BRDA:23,6,0,0
BRDA:23,6,1,0
BRDA:23,6,2,0
BRDA:23,6,3,0
BRDA:26,7,0,0
BRDA:26,7,1,0
BRDA:27,8,0,0
BRDA:27,8,1,0
BRDA:28,9,0,0
BRDA:28,9,1,0
BRDA:32,10,0,0
BRDA:32,10,1,0
BRDA:35,11,0,0
BRDA:35,11,1,0
BRDA:40,12,0,0
BRDA:40,12,1,0
BRDA:41,13,0,0
BRDA:41,13,1,0
BRDA:42,14,0,0
BRDA:42,14,1,0
BRDA:46,15,0,0
BRDA:46,15,1,0
BRDA:49,16,0,0
BRDA:49,16,1,0
BRDA:54,17,0,0
BRDA:54,17,1,0
BRDA:55,18,0,0
BRDA:55,18,1,0
BRDA:59,19,0,0
BRDA:59,19,1,0
BRDA:62,20,0,0
BRDA:62,20,1,0
BRF:44
BRH:0
end_of_record
TN:
SF:src/app/api/health/route.ts
FN:32,readSloNumber
FN:39,minutesSince
FN:48,getOracleSloIssues
FN:74,getOracleHealth
FN:79,(anonymous_4)
FN:81,(anonymous_5)
FN:141,GET
FN:142,(anonymous_7)
FN:165,(anonymous_8)
FN:168,(anonymous_9)
FN:213,(anonymous_10)
FN:216,(anonymous_11)
FN:242,(anonymous_12)
FN:243,(anonymous_13)
FN:246,(anonymous_14)
FN:249,(anonymous_15)
FN:253,(anonymous_16)
FN:311,(anonymous_17)
FN:314,(anonymous_18)
FNF:19
FNH:15
FNDA:8,readSloNumber
FNDA:4,minutesSince
FNDA:4,getOracleSloIssues
FNDA:7,getOracleHealth
FNDA:7,(anonymous_4)
FNDA:7,(anonymous_5)
FNDA:8,GET
FNDA:8,(anonymous_7)
FNDA:0,(anonymous_8)
FNDA:1,(anonymous_9)
FNDA:0,(anonymous_10)
FNDA:1,(anonymous_11)
FNDA:1,(anonymous_12)
FNDA:1,(anonymous_13)
FNDA:1,(anonymous_14)
FNDA:1,(anonymous_15)
FNDA:1,(anonymous_16)
FNDA:0,(anonymous_17)
FNDA:0,(anonymous_18)
DA:33,8
DA:34,8
DA:35,8
DA:36,8
DA:40,4
DA:41,0
DA:42,0
DA:43,0
DA:44,0
DA:45,0
DA:49,4
DA:50,4
DA:53,4
DA:58,4
DA:60,4
DA:61,4
DA:62,4
DA:63,1
DA:64,4
DA:69,0
DA:71,4
DA:78,7
DA:79,7
DA:80,7
DA:82,7
DA:83,7
DA:84,7
DA:85,7
DA:86,0
DA:93,7
DA:94,7
DA:96,7
DA:99,7
DA:129,7
DA:130,7
DA:131,7
DA:132,0
DA:134,7
DA:135,0
DA:138,7
DA:142,8
DA:143,8
DA:148,8
DA:149,8
DA:150,8
DA:151,8
DA:152,1
DA:158,7
DA:159,7
DA:162,7
DA:163,4
DA:166,0
DA:168,1
DA:171,4
DA:174,4
DA:178,3
DA:181,4
DA:183,4
DA:186,4
DA:187,4
DA:188,4
DA:189,4
DA:193,4
DA:194,4
DA:202,4
DA:204,1
DA:210,3
DA:211,3
DA:214,0
DA:216,1
DA:219,3
DA:222,3
DA:226,3
DA:229,3
DA:231,3
DA:234,3
DA:235,3
DA:239,3
DA:240,3
DA:241,3
DA:242,3
DA:243,3
DA:244,1
DA:246,3
DA:247,1
DA:249,3
DA:250,1
DA:252,3
DA:253,1
DA:255,3
DA:256,3
DA:257,1
DA:258,3
DA:259,2
DA:260,3
DA:261,3
DA:262,3
DA:263,3
DA:264,1
DA:265,3
DA:267,1
DA:272,1
DA:273,1
DA:274,0
DA:276,3
DA:281,1
DA:282,3
DA:283,3
DA:285,3
DA:296,0
DA:297,0
DA:301,0
DA:302,0
DA:306,8
DA:312,0
DA:314,0
LF:116
LH:98
BRDA:34,0,0,0
BRDA:34,0,1,8
BRDA:35,1,0,8
BRDA:35,1,1,0
BRDA:40,2,0,4
BRDA:40,2,1,0
BRDA:42,3,0,0
BRDA:42,3,1,0
BRDA:44,4,0,0
BRDA:44,4,1,0
BRDA:44,5,0,0
BRDA:44,5,1,0
BRDA:60,6,0,4
BRDA:60,6,1,0
BRDA:61,7,0,4
BRDA:61,7,1,4
BRDA:62,8,0,1
BRDA:62,8,1,3
BRDA:62,9,0,4
BRDA:62,9,1,4
BRDA:62,9,2,4
BRDA:64,10,0,0
BRDA:64,10,1,4
BRDA:65,11,0,4
BRDA:65,11,1,0
BRDA:65,11,2,0
BRDA:85,12,0,0
BRDA:85,12,1,7
BRDA:88,13,0,0
BRDA:88,13,1,0
BRDA:96,14,0,7
BRDA:96,14,1,0
BRDA:96,15,0,7
BRDA:96,15,1,7
BRDA:101,16,0,7
BRDA:101,16,1,0
BRDA:104,17,0,7
BRDA:104,17,1,7
BRDA:105,18,0,7
BRDA:105,18,1,7
BRDA:106,19,0,7
BRDA:106,19,1,7
BRDA:107,20,0,7
BRDA:107,20,1,7
BRDA:108,21,0,7
BRDA:108,21,1,7
BRDA:109,22,0,7
BRDA:109,22,1,7
BRDA:111,23,0,7
BRDA:111,23,1,0
BRDA:111,24,0,7
BRDA:111,24,1,7
BRDA:115,25,0,7
BRDA:115,25,1,0
BRDA:115,26,0,7
BRDA:115,26,1,7
BRDA:120,27,0,7
BRDA:120,27,1,0
BRDA:120,28,0,7
BRDA:120,28,1,7
BRDA:124,29,0,7
BRDA:124,29,1,0
BRDA:125,30,0,7
BRDA:125,30,1,0
BRDA:131,31,0,0
BRDA:131,31,1,7
BRDA:134,32,0,0
BRDA:134,32,1,7
BRDA:148,33,0,0
BRDA:148,33,1,8
BRDA:150,34,0,8
BRDA:150,34,1,0
BRDA:151,35,0,1
BRDA:151,35,1,7
BRDA:162,36,0,4
BRDA:162,36,1,3
BRDA:163,37,0,1
BRDA:163,37,1,3
BRDA:166,38,0,0
BRDA:166,38,1,0
BRDA:174,39,0,1
BRDA:174,39,1,3
BRDA:178,40,0,3
BRDA:178,40,1,1
BRDA:178,41,0,3
BRDA:178,41,1,3
BRDA:181,42,0,3
BRDA:181,42,1,1
BRDA:183,43,0,4
BRDA:183,43,1,3
BRDA:183,43,2,3
BRDA:186,44,0,4
BRDA:186,44,1,1
BRDA:187,45,0,4
BRDA:187,45,1,1
BRDA:189,46,0,1
BRDA:189,46,1,3
BRDA:193,47,0,4
BRDA:193,47,1,1
BRDA:193,47,2,1
BRDA:194,48,0,4
BRDA:194,48,1,4
BRDA:194,48,2,3
BRDA:194,48,3,2
BRDA:194,48,4,1
BRDA:194,48,5,1
BRDA:194,48,6,1
BRDA:202,49,0,3
BRDA:202,49,1,1
BRDA:210,50,0,3
BRDA:210,50,1,0
BRDA:211,51,0,1
BRDA:211,51,1,2
BRDA:214,52,0,0
BRDA:214,52,1,0
BRDA:222,53,0,0
BRDA:222,53,1,3
BRDA:226,54,0,3
BRDA:226,54,1,0
BRDA:226,55,0,3
BRDA:226,55,1,3
BRDA:229,56,0,3
BRDA:229,56,1,0
BRDA:231,57,0,3
BRDA:231,57,1,3
BRDA:231,57,2,3
BRDA:241,58,0,2
BRDA:241,58,1,1
BRDA:253,59,0,1
BRDA:253,59,1,1
BRDA:256,60,0,1
BRDA:256,60,1,2
BRDA:258,61,0,2
BRDA:258,61,1,1
BRDA:258,62,0,3
BRDA:258,62,1,2
BRDA:260,63,0,1
BRDA:260,63,1,2
BRDA:260,64,0,3
BRDA:260,64,1,2
BRDA:261,65,0,0
BRDA:261,65,1,3
BRDA:262,66,0,0
BRDA:262,66,1,3
BRDA:262,67,0,3
BRDA:262,67,1,3
BRDA:263,68,0,1
BRDA:263,68,1,2
BRDA:263,69,0,3
BRDA:263,69,1,2
BRDA:263,69,2,1
BRDA:265,70,0,1
BRDA:265,70,1,2
BRDA:265,71,0,3
BRDA:265,71,1,2
BRDA:267,72,0,1
BRDA:267,72,1,0
BRDA:267,72,2,0
BRDA:267,72,3,0
BRDA:267,72,4,0
BRDA:272,73,0,1
BRDA:272,73,1,0
BRDA:273,74,0,0
BRDA:273,74,1,1
BRDA:273,75,0,1
BRDA:273,75,1,0
BRDA:276,76,0,1
BRDA:276,76,1,2
BRDA:277,77,0,3
BRDA:277,77,1,2
BRDA:277,77,2,1
BRDA:277,77,3,0
BRDA:286,78,0,0
BRDA:286,78,1,3
BRDA:291,79,0,3
BRDA:291,79,1,0
BRDA:292,80,0,3
BRDA:292,80,1,0
BRDA:293,81,0,3
BRDA:293,81,1,0
BRDA:302,82,0,0
BRDA:302,82,1,0
BRDA:309,83,0,0
BRDA:309,83,1,0
BRDA:312,84,0,0
BRDA:312,84,1,0
BRDA:317,85,0,0
BRDA:317,85,1,0
BRDA:318,86,0,0
BRDA:318,86,1,0
BRF:190
BRH:131
end_of_record
TN:
SF:src/app/api/oracle/alert-rules/route.ts
FN:16,isValidRunbook
FN:32,isValidEmail
FN:68,(anonymous_2)
FN:117,(anonymous_3)
FN:410,(anonymous_4)
FN:429,GET
FN:430,(anonymous_6)
FN:449,POST
FN:450,(anonymous_8)
FN:464,(anonymous_9)
FN:469,(anonymous_10)
FN:501,PUT
FN:502,(anonymous_12)
FN:516,(anonymous_13)
FNF:14
FNH:12
FNDA:3,isValidRunbook
FNDA:0,isValidEmail
FNDA:58,(anonymous_2)
FNDA:1,(anonymous_3)
FNDA:9,(anonymous_4)
FNDA:2,GET
FNDA:2,(anonymous_6)
FNDA:2,POST
FNDA:2,(anonymous_8)
FNDA:0,(anonymous_9)
FNDA:1,(anonymous_10)
FNDA:15,PUT
FNDA:15,(anonymous_12)
FNDA:1,(anonymous_13)
DA:17,3
DA:18,3
DA:19,3
DA:20,2
DA:21,1
DA:22,1
DA:24,1
DA:25,1
DA:26,1
DA:28,0
DA:33,0
DA:34,0
DA:35,0
DA:38,1
DA:69,58
DA:70,2
DA:77,58
DA:78,0
DA:79,0
DA:80,0
DA:88,58
DA:89,1
DA:90,1
DA:91,0
DA:99,58
DA:100,1
DA:101,1
DA:102,1
DA:107,0
DA:108,0
DA:116,58
DA:117,58
DA:118,1
DA:120,58
DA:121,1
DA:122,1
DA:128,0
DA:129,0
DA:130,0
DA:139,58
DA:140,0
DA:141,0
DA:147,0
DA:148,0
DA:149,0
DA:158,58
DA:159,0
DA:160,0
DA:166,0
DA:167,0
DA:168,0
DA:176,0
DA:177,0
DA:183,0
DA:184,0
DA:185,0
DA:194,58
DA:195,0
DA:196,0
DA:202,0
DA:203,0
DA:204,0
DA:213,58
DA:214,0
DA:215,0
DA:221,0
DA:222,0
DA:223,0
DA:231,0
DA:232,0
DA:238,0
DA:239,0
DA:240,0
DA:248,0
DA:249,0
DA:255,0
DA:256,0
DA:261,0
DA:270,58
DA:271,0
DA:272,0
DA:278,0
DA:279,0
DA:280,0
DA:288,0
DA:289,0
DA:295,0
DA:296,0
DA:297,0
DA:305,0
DA:306,0
DA:312,0
DA:313,0
DA:318,0
DA:327,58
DA:328,0
DA:329,0
DA:335,0
DA:336,0
DA:337,0
DA:346,58
DA:347,0
DA:348,0
DA:354,0
DA:355,0
DA:356,0
DA:365,58
DA:366,1
DA:367,0
DA:373,1
DA:374,1
DA:379,0
DA:387,1
DA:388,1
DA:394,0
DA:395,0
DA:396,0
DA:406,1
DA:411,9
DA:412,9
DA:413,58
DA:414,0
DA:419,0
DA:421,58
DA:425,1
DA:430,2
DA:431,2
DA:436,2
DA:438,1
DA:442,1
DA:444,1
DA:445,1
DA:450,2
DA:451,2
DA:456,2
DA:458,2
DA:462,2
DA:464,2
DA:465,2
DA:466,2
DA:468,2
DA:469,2
DA:470,2
DA:472,1
DA:485,1
DA:486,1
DA:497,1
DA:502,15
DA:503,15
DA:508,15
DA:510,14
DA:514,14
DA:516,13
DA:517,13
DA:518,13
DA:520,3
DA:521,3
DA:522,3
DA:529,3
LF:159
LH:79
BRDA:18,0,0,0
BRDA:18,0,1,3
BRDA:19,1,0,1
BRDA:19,1,1,2
BRDA:20,2,0,1
BRDA:20,2,1,1
BRDA:21,3,0,0
BRDA:21,3,1,1
BRDA:26,4,0,1
BRDA:26,4,1,1
BRDA:34,5,0,0
BRDA:34,5,1,0
BRDA:69,6,0,2
BRDA:69,6,1,56
BRDA:69,7,0,58
BRDA:69,7,1,3
BRDA:77,8,0,0
BRDA:77,8,1,58
BRDA:79,9,0,0
BRDA:79,9,1,0
BRDA:88,10,0,1
BRDA:88,10,1,57
BRDA:90,11,0,0
BRDA:90,11,1,1
BRDA:99,12,0,1
BRDA:99,12,1,57
BRDA:100,13,0,1
BRDA:100,13,1,1
BRDA:101,14,0,1
BRDA:101,14,1,0
BRDA:107,15,0,0
BRDA:107,15,1,0
BRDA:116,16,0,58
BRDA:116,16,1,56
BRDA:120,17,0,1
BRDA:120,17,1,57
BRDA:121,18,0,1
BRDA:121,18,1,0
BRDA:129,19,0,0
BRDA:129,19,1,0
BRDA:129,20,0,0
BRDA:129,20,1,0
BRDA:139,21,0,0
BRDA:139,21,1,58
BRDA:140,22,0,0
BRDA:140,22,1,0
BRDA:148,23,0,0
BRDA:148,23,1,0
BRDA:148,24,0,0
BRDA:148,24,1,0
BRDA:158,25,0,0
BRDA:158,25,1,58
BRDA:159,26,0,0
BRDA:159,26,1,0
BRDA:167,27,0,0
BRDA:167,27,1,0
BRDA:167,28,0,0
BRDA:167,28,1,0
BRDA:176,29,0,0
BRDA:176,29,1,0
BRDA:184,30,0,0
BRDA:184,30,1,0
BRDA:184,31,0,0
BRDA:184,31,1,0
BRDA:194,32,0,0
BRDA:194,32,1,58
BRDA:195,33,0,0
BRDA:195,33,1,0
BRDA:203,34,0,0
BRDA:203,34,1,0
BRDA:203,35,0,0
BRDA:203,35,1,0
BRDA:213,36,0,0
BRDA:213,36,1,58
BRDA:214,37,0,0
BRDA:214,37,1,0
BRDA:222,38,0,0
BRDA:222,38,1,0
BRDA:222,39,0,0
BRDA:222,39,1,0
BRDA:231,40,0,0
BRDA:231,40,1,0
BRDA:239,41,0,0
BRDA:239,41,1,0
BRDA:239,42,0,0
BRDA:239,42,1,0
BRDA:248,43,0,0
BRDA:248,43,1,0
BRDA:256,44,0,0
BRDA:256,44,1,0
BRDA:257,45,0,0
BRDA:257,45,1,0
BRDA:257,45,2,0
BRDA:270,46,0,0
BRDA:270,46,1,58
BRDA:271,47,0,0
BRDA:271,47,1,0
BRDA:279,48,0,0
BRDA:279,48,1,0
BRDA:279,49,0,0
BRDA:279,49,1,0
BRDA:288,50,0,0
BRDA:288,50,1,0
BRDA:296,51,0,0
BRDA:296,51,1,0
BRDA:296,52,0,0
BRDA:296,52,1,0
BRDA:305,53,0,0
BRDA:305,53,1,0
BRDA:313,54,0,0
BRDA:313,54,1,0
BRDA:314,55,0,0
BRDA:314,55,1,0
BRDA:314,55,2,0
BRDA:327,56,0,0
BRDA:327,56,1,58
BRDA:328,57,0,0
BRDA:328,57,1,0
BRDA:336,58,0,0
BRDA:336,58,1,0
BRDA:336,59,0,0
BRDA:336,59,1,0
BRDA:346,60,0,0
BRDA:346,60,1,58
BRDA:347,61,0,0
BRDA:347,61,1,0
BRDA:355,62,0,0
BRDA:355,62,1,0
BRDA:355,63,0,0
BRDA:355,63,1,0
BRDA:365,64,0,1
BRDA:365,64,1,57
BRDA:366,65,0,0
BRDA:366,65,1,1
BRDA:374,66,0,0
BRDA:374,66,1,1
BRDA:375,67,0,1
BRDA:375,67,1,1
BRDA:375,67,2,1
BRDA:387,68,0,1
BRDA:387,68,1,0
BRDA:395,69,0,0
BRDA:395,69,1,0
BRDA:395,70,0,0
BRDA:395,70,1,0
BRDA:413,71,0,0
BRDA:413,71,1,58
BRDA:436,72,0,1
BRDA:436,72,1,1
BRDA:442,73,0,0
BRDA:442,73,1,1
BRDA:456,74,0,0
BRDA:456,74,1,2
BRDA:462,75,0,0
BRDA:462,75,1,2
BRDA:466,76,0,0
BRDA:466,76,1,2
BRDA:470,77,0,1
BRDA:470,77,1,1
BRDA:481,78,0,1
BRDA:481,78,1,1
BRDA:492,79,0,1
BRDA:492,79,1,0
BRDA:493,80,0,2
BRDA:493,80,1,1
BRDA:508,81,0,1
BRDA:508,81,1,14
BRDA:514,82,0,1
BRDA:514,82,1,13
BRDA:518,83,0,10
BRDA:518,83,1,3
BRF:171
BRH:61
end_of_record
TN:
SF:src/app/api/oracle/alerts/route.ts
FN:21,GET
FN:22,(anonymous_1)
FN:45,(anonymous_2)
FNF:3
FNH:3
FNDA:3,GET
FNDA:3,(anonymous_1)
FNDA:2,(anonymous_2)
DA:11,1
DA:22,3
DA:23,3
DA:28,3
DA:30,3
DA:31,3
DA:32,3
DA:33,3
DA:35,3
DA:36,1
DA:40,1
DA:41,1
DA:42,1
DA:45,2
DA:46,2
DA:55,2
DA:58,2
DA:59,1
DA:60,1
LF:19
LH:19
BRDA:28,0,0,0
BRDA:28,0,1,3
BRDA:31,1,0,3
BRDA:31,1,1,3
BRDA:35,2,0,1
BRDA:35,2,1,2
BRDA:40,3,0,0
BRDA:40,3,1,1
BRDA:41,4,0,0
BRDA:41,4,1,1
BRDA:47,5,0,2
BRDA:47,5,1,1
BRDA:48,6,0,2
BRDA:48,6,1,1
BRDA:49,7,0,2
BRDA:49,7,1,2
BRDA:58,8,0,1
BRDA:58,8,1,1
BRF:18
BRH:15
end_of_record
TN:
SF:src/app/api/oracle/alerts/[id]/route.ts
FN:16,PATCH
FN:20,(anonymous_1)
FN:40,(anonymous_2)
FNF:3
FNH:3
FNDA:7,PATCH
FNDA:7,(anonymous_1)
FNDA:1,(anonymous_2)
DA:12,1
DA:20,7
DA:21,7
DA:26,7
DA:28,6
DA:32,6
DA:34,5
DA:35,5
DA:36,5
DA:37,1
DA:40,4
DA:41,4
DA:42,4
DA:44,2
DA:45,2
DA:50,2
DA:51,1
DA:52,1
DA:53,1
LF:19
LH:19
BRDA:26,0,0,1
BRDA:26,0,1,6
BRDA:32,1,0,1
BRDA:32,1,1,5
BRDA:36,2,0,1
BRDA:36,2,1,4
BRDA:36,3,0,5
BRDA:36,3,1,4
BRDA:42,4,0,2
BRDA:42,4,1,2
BRDA:50,5,0,1
BRDA:50,5,1,1
BRF:12
BRH:12
end_of_record
TN:
SF:src/app/api/oracle/analytics/accuracy/route.ts
FN:11,GET
FN:12,(anonymous_1)
FN:25,(anonymous_2)
FNF:3
FNH:0
FNDA:0,GET
FNDA:0,(anonymous_1)
FNDA:0,(anonymous_2)
DA:6,0
DA:12,0
DA:13,0
DA:18,0
DA:20,0
DA:21,0
DA:22,0
DA:23,0
DA:25,0
DA:26,0
DA:27,0
DA:31,0
DA:32,0
DA:34,0
DA:38,0
DA:39,0
LF:16
LH:0
BRDA:18,0,0,0
BRDA:18,0,1,0
BRDA:26,1,0,0
BRDA:26,1,1,0
BRDA:31,2,0,0
BRDA:31,2,1,0
BRDA:31,3,0,0
BRDA:31,3,1,0
BRDA:31,3,2,0
BRF:9
BRH:0
end_of_record
TN:
SF:src/app/api/oracle/analytics/markets/route.ts
FN:24,GET
FN:25,(anonymous_1)
FN:39,(anonymous_2)
FN:66,(anonymous_3)
FN:85,(anonymous_4)
FNF:5
FNH:3
FNDA:1,GET
FNDA:1,(anonymous_1)
FNDA:1,(anonymous_2)
FNDA:0,(anonymous_3)
FNDA:0,(anonymous_4)
DA:7,1
DA:25,1
DA:26,1
DA:31,1
DA:33,1
DA:34,1
DA:35,1
DA:37,1
DA:39,1
DA:40,1
DA:41,1
DA:42,1
DA:43,1
DA:45,1
DA:46,1
DA:47,1
DA:48,2
DA:49,2
DA:50,0
DA:52,2
DA:57,2
DA:65,1
DA:66,0
DA:70,0
DA:85,0
DA:92,1
DA:93,1
LF:27
LH:23
BRDA:31,0,0,0
BRDA:31,0,1,1
BRDA:37,1,0,1
BRDA:37,1,1,1
BRDA:40,2,0,1
BRDA:40,2,1,0
BRDA:46,3,0,1
BRDA:46,3,1,0
BRDA:49,4,0,0
BRDA:49,4,1,2
BRDA:49,5,0,2
BRDA:49,5,1,2
BRDA:52,6,0,2
BRDA:52,6,1,1
BRDA:60,7,0,2
BRDA:60,7,1,0
BRDA:88,8,0,0
BRDA:88,8,1,0
BRF:18
BRH:11
end_of_record
TN:
SF:src/app/api/oracle/assertions/route.ts
FN:25,(anonymous_0)
FN:31,GET
FN:32,(anonymous_2)
FN:56,(anonymous_3)
FNF:4
FNH:4
FNDA:4,(anonymous_0)
FNDA:4,GET
FNDA:4,(anonymous_2)
FNDA:3,(anonymous_3)
DA:11,1
DA:25,4
DA:32,4
DA:33,4
DA:38,4
DA:40,4
DA:41,4
DA:42,4
DA:44,4
DA:46,4
DA:47,1
DA:51,1
DA:52,1
DA:53,1
DA:56,3
DA:57,3
DA:79,3
DA:82,3
DA:84,2
DA:85,2
LF:20
LH:20
BRDA:25,0,0,4
BRDA:25,0,1,1
BRDA:38,1,0,0
BRDA:38,1,1,4
BRDA:46,2,0,1
BRDA:46,2,1,3
BRDA:51,3,0,0
BRDA:51,3,1,1
BRDA:52,4,0,0
BRDA:52,4,1,1
BRDA:57,5,0,0
BRDA:57,5,1,3
BRDA:66,6,0,0
BRDA:66,6,1,0
BRDA:77,7,0,0
BRDA:77,7,1,3
BRDA:82,8,0,1
BRDA:82,8,1,2
BRF:18
BRH:11
end_of_record
TN:
SF:src/app/api/oracle/assertions/[id]/route.ts
FN:13,GET
FN:17,(anonymous_1)
FN:34,(anonymous_2)
FN:77,(anonymous_3)
FNF:4
FNH:4
FNDA:2,GET
FNDA:2,(anonymous_1)
FNDA:2,(anonymous_2)
FNDA:1,(anonymous_3)
DA:17,2
DA:18,2
DA:23,2
DA:25,2
DA:26,2
DA:27,2
DA:29,2
DA:34,2
DA:35,2
DA:38,2
DA:40,2
DA:43,2
DA:46,2
DA:50,2
DA:57,2
DA:60,2
DA:65,2
DA:75,2
DA:76,1
DA:77,1
LF:20
LH:20
BRDA:23,0,0,0
BRDA:23,0,1,2
BRDA:35,1,0,0
BRDA:35,1,1,2
BRDA:38,2,0,0
BRDA:38,2,1,2
BRDA:40,3,0,0
BRDA:40,3,1,2
BRDA:43,4,0,0
BRDA:43,4,1,2
BRDA:47,5,0,2
BRDA:47,5,1,2
BRDA:50,6,0,2
BRDA:50,6,1,0
BRDA:51,7,0,2
BRDA:51,7,1,2
BRDA:54,8,0,0
BRDA:54,8,1,0
BRDA:57,9,0,0
BRDA:57,9,1,2
BRDA:68,10,0,1
BRDA:68,10,1,1
BRDA:71,11,0,2
BRDA:71,11,1,0
BRDA:75,12,0,1
BRDA:75,12,1,1
BRF:26
BRH:16
end_of_record
TN:
SF:src/app/api/oracle/assertions/[id]/evidence/route.ts
FN:22,GET
FN:26,(anonymous_1)
FN:177,(anonymous_2)
FNF:3
FNH:0
FNDA:0,GET
FNDA:0,(anonymous_1)
FNDA:0,(anonymous_2)
DA:15,0
DA:26,0
DA:27,0
DA:32,0
DA:33,0
DA:37,0
DA:42,0
DA:43,0
DA:44,0
DA:45,0
DA:48,0
DA:51,0
DA:55,0
DA:58,0
DA:61,0
DA:64,0
DA:65,0
DA:70,0
DA:75,0
DA:77,0
DA:85,0
DA:86,0
DA:87,0
DA:88,0
DA:89,0
DA:90,0
DA:102,0
DA:103,0
DA:104,0
DA:105,0
DA:106,0
DA:107,0
DA:108,0
DA:109,0
DA:110,0
DA:111,0
DA:114,0
DA:115,0
DA:116,0
DA:120,0
DA:152,0
DA:153,0
DA:154,0
DA:155,0
DA:156,0
DA:158,0
DA:161,0
DA:162,0
DA:163,0
DA:164,0
DA:177,0
DA:178,0
DA:185,0
DA:193,0
DA:199,0
DA:200,0
DA:204,0
LF:57
LH:0
BRDA:32,0,0,0
BRDA:32,0,1,0
BRDA:34,1,0,0
BRDA:34,1,1,0
BRDA:37,2,0,0
BRDA:37,2,1,0
BRDA:37,3,0,0
BRDA:37,3,1,0
BRDA:39,4,0,0
BRDA:39,4,1,0
BRDA:45,5,0,0
BRDA:45,5,1,0
BRDA:48,6,0,0
BRDA:48,6,1,0
BRDA:55,7,0,0
BRDA:55,7,1,0
BRDA:58,8,0,0
BRDA:58,8,1,0
BRDA:61,9,0,0
BRDA:61,9,1,0
BRDA:64,10,0,0
BRDA:64,10,1,0
BRDA:67,11,0,0
BRDA:67,11,1,0
BRDA:77,12,0,0
BRDA:77,12,1,0
BRDA:78,13,0,0
BRDA:78,13,1,0
BRDA:78,13,2,0
BRDA:78,13,3,0
BRDA:78,13,4,0
BRDA:78,13,5,0
BRDA:87,14,0,0
BRDA:87,14,1,0
BRDA:92,15,0,0
BRDA:92,15,1,0
BRDA:93,16,0,0
BRDA:93,16,1,0
BRDA:117,17,0,0
BRDA:117,17,1,0
BRDA:142,18,0,0
BRDA:142,18,1,0
BRDA:142,19,0,0
BRDA:142,19,1,0
BRDA:161,20,0,0
BRDA:161,20,1,0
BRDA:161,21,0,0
BRDA:161,21,1,0
BRDA:166,22,0,0
BRDA:166,22,1,0
BRDA:167,23,0,0
BRDA:167,23,1,0
BRDA:186,24,0,0
BRDA:186,24,1,0
BRDA:187,25,0,0
BRDA:187,25,1,0
BRDA:188,26,0,0
BRDA:188,26,1,0
BRDA:189,27,0,0
BRDA:189,27,1,0
BRDA:190,28,0,0
BRDA:190,28,1,0
BRDA:206,29,0,0
BRDA:206,29,1,0
BRDA:207,30,0,0
BRDA:207,30,1,0
BRF:66
BRH:0
end_of_record
TN:
SF:src/app/api/oracle/assertions/[id]/timeline/route.ts
FN:13,GET
FN:17,(anonymous_1)
FN:47,(anonymous_2)
FN:90,(anonymous_3)
FNF:4
FNH:4
FNDA:3,GET
FNDA:3,(anonymous_1)
FNDA:1,(anonymous_2)
FNDA:6,(anonymous_3)
DA:17,3
DA:18,3
DA:23,3
DA:25,2
DA:26,2
DA:27,2
DA:28,2
DA:31,2
DA:33,1
DA:36,1
DA:46,1
DA:47,1
DA:50,1
DA:52,1
DA:58,1
DA:59,1
DA:66,1
DA:67,1
DA:74,1
DA:75,1
DA:82,1
DA:83,1
DA:90,6
DA:92,1
LF:24
LH:24
BRDA:23,0,0,1
BRDA:23,0,1,2
BRDA:28,1,0,0
BRDA:28,1,1,2
BRDA:31,2,0,1
BRDA:31,2,1,1
BRDA:33,3,0,0
BRDA:33,3,1,1
BRDA:47,4,0,1
BRDA:47,4,1,1
BRDA:58,5,0,1
BRDA:58,5,1,0
BRDA:74,6,0,1
BRDA:74,6,1,0
BRDA:82,7,0,1
BRDA:82,7,1,0
BRDA:82,8,0,1
BRDA:82,8,1,1
BRDA:82,8,2,1
BRF:19
BRH:14
end_of_record
TN:
SF:src/app/api/oracle/audit/route.ts
FN:20,GET
FN:21,(anonymous_1)
FNF:2
FNH:2
FNDA:4,GET
FNDA:4,(anonymous_1)
DA:10,1
DA:21,4
DA:22,4
DA:27,4
DA:29,3
DA:33,3
DA:35,2
DA:36,2
DA:37,2
DA:38,2
DA:40,1
LF:11
LH:11
BRDA:27,0,0,1
BRDA:27,0,1,3
BRDA:33,1,0,1
BRDA:33,1,1,2
BRDA:38,2,0,1
BRDA:38,2,1,1
BRF:6
BRH:6
end_of_record
TN:
SF:src/app/api/oracle/charts/route.ts
FN:17,GET
FN:18,(anonymous_1)
FN:32,(anonymous_2)
FN:57,(anonymous_3)
FN:76,(anonymous_4)
FNF:5
FNH:5
FNDA:10,GET
FNDA:10,(anonymous_1)
FNDA:9,(anonymous_2)
FNDA:1,(anonymous_3)
FNDA:2,(anonymous_4)
DA:7,1
DA:18,10
DA:19,10
DA:24,10
DA:26,9
DA:27,9
DA:28,9
DA:30,9
DA:32,10
DA:33,9
DA:34,1
DA:35,1
DA:36,1
DA:41,1
DA:42,1
DA:43,1
DA:44,2
DA:45,2
DA:46,0
DA:47,2
DA:48,2
DA:49,2
DA:57,1
DA:58,1
DA:62,8
DA:76,7
DA:77,2
DA:78,2
DA:86,10
DA:87,10
LF:30
LH:29
BRDA:24,0,0,1
BRDA:24,0,1,9
BRDA:30,1,0,9
BRDA:30,1,1,9
BRDA:33,2,0,1
BRDA:33,2,1,8
BRDA:42,3,0,1
BRDA:42,3,1,0
BRDA:45,4,0,0
BRDA:45,4,1,2
BRDA:45,5,0,2
BRDA:45,5,1,2
BRDA:48,6,0,2
BRDA:48,6,1,2
BRDA:52,7,0,2
BRDA:52,7,1,0
BRF:16
BRH:13
end_of_record
TN:
SF:src/app/api/oracle/config/route.ts
FN:19,GET
FN:20,(anonymous_1)
FN:40,PUT
FN:41,(anonymous_3)
FN:58,(anonymous_4)
FNF:5
FNH:5
FNDA:4,GET
FNDA:4,(anonymous_1)
FNDA:8,PUT
FNDA:8,(anonymous_3)
FNDA:1,(anonymous_4)
DA:20,4
DA:21,4
DA:26,4
DA:27,3
DA:28,3
DA:29,3
DA:32,2
DA:36,3
DA:41,8
DA:42,8
DA:47,8
DA:49,7
DA:53,7
DA:55,6
DA:56,6
DA:58,6
DA:59,6
DA:60,2
DA:62,4
DA:63,4
DA:64,4
DA:73,4
DA:76,1
DA:77,1
DA:84,2
DA:85,2
DA:87,2
DA:89,2
DA:92,2
DA:93,1
DA:95,1
LF:31
LH:31
BRDA:26,0,0,1
BRDA:26,0,1,3
BRDA:29,1,0,1
BRDA:29,1,1,2
BRDA:36,2,0,2
BRDA:36,2,1,1
BRDA:47,3,0,1
BRDA:47,3,1,7
BRDA:53,4,0,1
BRDA:53,4,1,6
BRDA:59,5,0,2
BRDA:59,5,1,4
BRDA:59,6,0,6
BRDA:59,6,1,5
BRDA:59,6,2,5
BRDA:73,7,0,1
BRDA:73,7,1,1
BRDA:81,8,0,1
BRDA:81,8,1,0
BRDA:87,9,0,2
BRDA:87,9,1,0
BRDA:89,10,0,1
BRDA:89,10,1,1
BRDA:89,11,0,2
BRDA:89,11,1,2
BRDA:89,11,2,2
BRDA:92,12,0,1
BRDA:92,12,1,1
BRF:28
BRH:26
end_of_record
TN:
SF:src/app/api/oracle/disputes/route.ts
FN:29,(anonymous_0)
FN:34,GET
FN:35,(anonymous_2)
FN:57,(anonymous_3)
FNF:4
FNH:4
FNDA:5,(anonymous_0)
FNDA:5,GET
FNDA:5,(anonymous_2)
FNDA:3,(anonymous_3)
DA:12,1
DA:29,5
DA:35,5
DA:36,5
DA:41,5
DA:43,5
DA:44,5
DA:45,5
DA:46,5
DA:48,5
DA:49,2
DA:53,2
DA:54,1
DA:55,1
DA:57,3
DA:58,3
DA:78,3
DA:82,3
DA:88,3
DA:95,3
DA:96,2
DA:97,2
LF:22
LH:22
BRDA:29,0,0,5
BRDA:29,0,1,1
BRDA:41,1,0,0
BRDA:41,1,1,5
BRDA:48,2,0,2
BRDA:48,2,1,3
BRDA:53,3,0,1
BRDA:53,3,1,1
BRDA:54,4,0,0
BRDA:54,4,1,1
BRDA:58,5,0,0
BRDA:58,5,1,3
BRDA:61,6,0,0
BRDA:61,6,1,0
BRDA:62,7,0,0
BRDA:62,7,1,0
BRDA:63,8,0,0
BRDA:63,8,1,0
BRDA:66,9,0,0
BRDA:66,9,1,0
BRDA:71,10,0,3
BRDA:71,10,1,2
BRDA:72,11,0,3
BRDA:72,11,1,2
BRDA:73,12,0,3
BRDA:73,12,1,3
BRDA:76,13,0,3
BRDA:76,13,1,3
BRDA:79,14,0,3
BRDA:79,14,1,3
BRDA:82,15,0,3
BRDA:82,15,1,0
BRDA:83,16,0,3
BRDA:83,16,1,3
BRDA:86,17,0,0
BRDA:86,17,1,0
BRDA:92,18,0,3
BRDA:92,18,1,0
BRDA:95,19,0,1
BRDA:95,19,1,2
BRF:40
BRH:25
end_of_record
TN:
SF:src/app/api/oracle/incidents/route.ts
FN:37,GET
FN:38,(anonymous_1)
FN:50,(anonymous_2)
FN:55,(anonymous_3)
FN:79,(anonymous_4)
FN:80,(anonymous_5)
FN:81,(anonymous_6)
FN:84,(anonymous_7)
FN:93,(anonymous_8)
FN:97,(anonymous_9)
FN:100,(anonymous_10)
FN:101,(anonymous_11)
FN:112,POST
FN:113,(anonymous_13)
FN:127,(anonymous_14)
FNF:15
FNH:8
FNDA:2,GET
FNDA:2,(anonymous_1)
FNDA:2,(anonymous_2)
FNDA:2,(anonymous_3)
FNDA:0,(anonymous_4)
FNDA:0,(anonymous_5)
FNDA:0,(anonymous_6)
FNDA:0,(anonymous_7)
FNDA:2,(anonymous_8)
FNDA:1,(anonymous_9)
FNDA:2,(anonymous_10)
FNDA:2,(anonymous_11)
FNDA:0,POST
FNDA:0,(anonymous_13)
FNDA:0,(anonymous_14)
DA:18,1
DA:24,1
DA:38,2
DA:39,2
DA:44,2
DA:46,2
DA:47,2
DA:48,2
DA:49,2
DA:50,2
DA:51,2
DA:55,2
DA:73,2
DA:74,2
DA:75,0
DA:76,0
DA:77,0
DA:78,0
DA:79,0
DA:80,0
DA:81,0
DA:82,0
DA:83,0
DA:84,0
DA:88,2
DA:89,1
DA:90,1
DA:91,1
DA:92,1
DA:93,2
DA:96,1
DA:97,1
DA:100,2
DA:101,2
DA:107,1
DA:113,0
DA:114,0
DA:119,0
DA:121,0
DA:125,0
DA:127,0
DA:128,0
DA:129,0
DA:131,0
DA:132,0
DA:133,0
DA:134,0
DA:135,0
LF:48
LH:25
BRDA:44,0,0,0
BRDA:44,0,1,2
BRDA:48,1,0,2
BRDA:48,1,1,2
BRDA:52,2,0,2
BRDA:52,2,1,2
BRDA:53,3,0,2
BRDA:53,3,1,0
BRDA:74,4,0,0
BRDA:74,4,1,2
BRDA:76,5,0,0
BRDA:76,5,1,0
BRDA:82,6,0,0
BRDA:82,6,1,0
BRDA:83,7,0,0
BRDA:83,7,1,0
BRDA:88,8,0,1
BRDA:88,8,1,1
BRDA:89,9,0,1
BRDA:89,9,1,0
BRDA:91,10,0,1
BRDA:91,10,1,0
BRDA:99,11,0,1
BRDA:99,11,1,0
BRDA:119,12,0,0
BRDA:119,12,1,0
BRDA:125,13,0,0
BRDA:125,13,1,0
BRDA:129,14,0,0
BRDA:129,14,1,0
BRDA:133,15,0,0
BRDA:133,15,1,0
BRF:32
BRH:12
end_of_record
TN:
SF:src/app/api/oracle/incidents/[id]/route.ts
FN:36,GET
FN:40,(anonymous_1)
FN:63,(anonymous_2)
FN:65,(anonymous_3)
FN:91,PATCH
FN:95,(anonymous_5)
FN:115,(anonymous_6)
FN:134,(anonymous_7)
FN:135,(anonymous_8)
FNF:9
FNH:3
FNDA:2,GET
FNDA:2,(anonymous_1)
FNDA:0,(anonymous_2)
FNDA:2,(anonymous_3)
FNDA:0,PATCH
FNDA:0,(anonymous_5)
FNDA:0,(anonymous_6)
FNDA:0,(anonymous_7)
FNDA:0,(anonymous_8)
DA:18,1
DA:22,1
DA:40,2
DA:41,2
DA:46,2
DA:48,2
DA:49,2
DA:50,2
DA:51,0
DA:54,2
DA:55,2
DA:56,1
DA:57,1
DA:58,1
DA:59,2
DA:60,1
DA:61,1
DA:62,0
DA:63,0
DA:65,2
DA:82,1
DA:87,0
DA:95,0
DA:96,0
DA:101,0
DA:103,0
DA:107,0
DA:109,0
DA:110,0
DA:111,0
DA:112,0
DA:115,0
DA:116,0
DA:117,0
DA:119,0
DA:120,0
DA:121,0
DA:122,0
DA:124,0
DA:125,0
DA:126,0
DA:128,0
DA:129,0
DA:130,0
DA:131,0
DA:132,0
DA:133,0
DA:134,0
DA:135,0
DA:138,0
DA:139,0
DA:145,0
DA:150,0
DA:151,0
DA:152,0
DA:153,0
DA:156,0
DA:161,0
DA:162,0
DA:163,0
LF:60
LH:18
BRDA:46,0,0,0
BRDA:46,0,1,2
BRDA:50,1,0,0
BRDA:50,1,1,2
BRDA:50,2,0,2
BRDA:50,2,1,2
BRDA:55,3,0,1
BRDA:55,3,1,1
BRDA:58,4,0,1
BRDA:58,4,1,1
BRDA:59,5,0,1
BRDA:59,5,1,1
BRDA:60,6,0,1
BRDA:60,6,1,0
BRDA:61,7,0,0
BRDA:61,7,1,1
BRDA:101,8,0,0
BRDA:101,8,1,0
BRDA:107,9,0,0
BRDA:107,9,1,0
BRDA:111,10,0,0
BRDA:111,10,1,0
BRDA:111,11,0,0
BRDA:111,11,1,0
BRDA:117,12,0,0
BRDA:117,12,1,0
BRDA:122,13,0,0
BRDA:122,13,1,0
BRDA:124,14,0,0
BRDA:124,14,1,0
BRDA:126,15,0,0
BRDA:126,15,1,0
BRDA:128,16,0,0
BRDA:128,16,1,0
BRDA:130,17,0,0
BRDA:130,17,1,0
BRDA:141,18,0,0
BRDA:141,18,1,0
BRDA:150,19,0,0
BRDA:150,19,1,0
BRDA:161,20,0,0
BRDA:161,20,1,0
BRF:42
BRH:12
end_of_record
TN:
SF:src/app/api/oracle/instances/route.ts
FN:4,GET
FN:5,(anonymous_1)
FN:15,(anonymous_2)
FNF:3
FNH:0
FNDA:0,GET
FNDA:0,(anonymous_1)
FNDA:0,(anonymous_2)
DA:5,0
DA:6,0
DA:11,0
DA:13,0
DA:14,0
DA:15,0
DA:16,0
DA:17,0
LF:8
LH:0
BRDA:11,0,0,0
BRDA:11,0,1,0
BRF:2
BRH:0
end_of_record
TN:
SF:src/app/api/oracle/leaderboard/route.ts
FN:4,GET
FN:5,(anonymous_1)
FN:16,(anonymous_2)
FNF:3
FNH:0
FNDA:0,GET
FNDA:0,(anonymous_1)
FNDA:0,(anonymous_2)
DA:5,0
DA:6,0
DA:11,0
DA:13,0
DA:14,0
DA:15,0
DA:16,0
DA:17,0
LF:8
LH:0
BRDA:11,0,0,0
BRDA:11,0,1,0
BRDA:17,1,0,0
BRDA:17,1,1,0
BRF:4
BRH:0
end_of_record
TN:
SF:src/app/api/oracle/ops-metrics/route.ts
FN:10,GET
FN:11,(anonymous_1)
FN:23,(anonymous_2)
FNF:3
FNH:3
FNDA:1,GET
FNDA:1,(anonymous_1)
FNDA:1,(anonymous_2)
DA:5,1
DA:11,1
DA:12,1
DA:17,1
DA:19,1
DA:20,1
DA:21,1
DA:22,1
DA:23,1
DA:24,1
DA:29,1
DA:35,1
LF:12
LH:12
BRDA:17,0,0,0
BRDA:17,0,1,1
BRDA:21,1,0,1
BRDA:21,1,1,1
BRDA:29,2,0,0
BRDA:29,2,1,1
BRF:6
BRH:4
end_of_record
TN:
SF:src/app/api/oracle/risks/route.ts
FN:9,GET
FN:10,(anonymous_1)
FN:22,(anonymous_2)
FNF:3
FNH:0
FNDA:0,GET
FNDA:0,(anonymous_1)
FNDA:0,(anonymous_2)
DA:5,0
DA:10,0
DA:11,0
DA:16,0
DA:18,0
DA:19,0
DA:20,0
DA:21,0
DA:22,0
DA:23,0
DA:24,0
LF:11
LH:0
BRDA:16,0,0,0
BRDA:16,0,1,0
BRDA:23,1,0,0
BRDA:23,1,1,0
BRF:4
BRH:0
end_of_record
TN:
SF:src/app/api/oracle/stats/route.ts
FN:11,timingSafeEqualString
FN:18,isCronAuthorized
FN:33,GET
FN:34,(anonymous_3)
FN:61,(anonymous_4)
FNF:5
FNH:5
FNDA:2,timingSafeEqualString
FNDA:3,isCronAuthorized
FNDA:4,GET
FNDA:4,(anonymous_3)
FNDA:1,(anonymous_4)
DA:12,2
DA:13,2
DA:14,2
DA:15,2
DA:19,3
DA:22,3
DA:23,2
DA:24,3
DA:25,1
DA:26,3
DA:27,1
DA:28,1
DA:29,1
DA:30,1
DA:34,4
DA:35,4
DA:40,4
DA:42,4
DA:43,4
DA:44,4
DA:45,3
DA:46,1
DA:50,1
DA:52,3
DA:53,3
DA:55,4
DA:56,3
DA:60,1
DA:61,1
DA:62,1
LF:30
LH:30
BRDA:14,0,0,0
BRDA:14,0,1,2
BRDA:20,1,0,3
BRDA:20,1,1,2
BRDA:22,2,0,1
BRDA:22,2,1,2
BRDA:23,3,0,2
BRDA:23,3,1,1
BRDA:24,4,0,1
BRDA:24,4,1,2
BRDA:24,5,0,3
BRDA:24,5,1,1
BRDA:25,6,0,1
BRDA:25,6,1,0
BRDA:26,7,0,0
BRDA:26,7,1,3
BRDA:27,8,0,0
BRDA:27,8,1,1
BRDA:29,9,0,0
BRDA:29,9,1,1
BRDA:40,10,0,0
BRDA:40,10,1,4
BRDA:44,11,0,3
BRDA:44,11,1,1
BRDA:45,12,0,1
BRDA:45,12,1,2
BRDA:50,13,0,0
BRDA:50,13,1,1
BRDA:52,14,0,0
BRDA:52,14,1,3
BRDA:55,15,0,3
BRDA:55,15,1,1
BRDA:56,16,0,0
BRDA:56,16,1,3
BRDA:62,17,0,0
BRDA:62,17,1,1
BRF:36
BRH:26
end_of_record
TN:
SF:src/app/api/oracle/stats/user/route.ts
FN:9,(anonymous_0)
FN:12,GET
FN:13,(anonymous_2)
FN:28,(anonymous_3)
FNF:4
FNH:4
FNDA:2,(anonymous_0)
FNDA:2,GET
FNDA:2,(anonymous_2)
FNDA:1,(anonymous_3)
DA:6,1
DA:9,2
DA:13,2
DA:14,2
DA:19,2
DA:21,2
DA:22,2
DA:23,2
DA:25,2
DA:27,2
DA:28,2
DA:29,1
LF:12
LH:12
BRDA:19,0,0,0
BRDA:19,0,1,2
BRDA:29,1,0,0
BRDA:29,1,1,1
BRF:4
BRH:2
end_of_record
TN:
SF:src/app/api/oracle/status/route.ts
FN:13,GET
FN:14,(anonymous_1)
FN:29,(anonymous_2)
FN:101,(anonymous_3)
FNF:4
FNH:4
FNDA:3,GET
FNDA:3,(anonymous_1)
FNDA:3,(anonymous_2)
FNDA:1,(anonymous_3)
DA:14,3
DA:15,3
DA:20,3
DA:22,3
DA:26,3
DA:27,3
DA:29,3
DA:30,3
DA:33,3
DA:36,3
DA:39,3
DA:42,3
DA:43,3
DA:45,3
DA:48,3
DA:49,3
DA:50,0
DA:52,3
DA:53,0
DA:55,3
DA:56,3
DA:61,1
DA:63,3
DA:67,3
DA:99,3
DA:100,1
DA:101,1
LF:27
LH:25
BRDA:20,0,0,0
BRDA:20,0,1,3
BRDA:30,1,0,0
BRDA:30,1,1,3
BRDA:33,2,0,0
BRDA:33,2,1,3
BRDA:36,3,0,0
BRDA:36,3,1,3
BRDA:39,4,0,0
BRDA:39,4,1,3
BRDA:45,5,0,3
BRDA:45,5,1,0
BRDA:45,6,0,3
BRDA:45,6,1,3
BRDA:49,7,0,0
BRDA:49,7,1,3
BRDA:49,8,0,3
BRDA:49,8,1,0
BRDA:52,9,0,0
BRDA:52,9,1,3
BRDA:52,10,0,3
BRDA:52,10,1,0
BRDA:55,11,0,3
BRDA:55,11,1,2
BRDA:56,12,0,1
BRDA:56,12,1,2
BRDA:57,13,0,3
BRDA:57,13,1,2
BRDA:57,13,2,2
BRDA:61,14,0,1
BRDA:61,14,1,0
BRDA:64,15,0,3
BRDA:64,15,1,0
BRDA:65,16,0,3
BRDA:65,16,1,0
BRDA:65,16,2,0
BRDA:68,17,0,2
BRDA:68,17,1,1
BRDA:70,18,0,3
BRDA:70,18,1,0
BRDA:71,19,0,3
BRDA:71,19,1,0
BRDA:74,20,0,3
BRDA:74,20,1,0
BRDA:74,21,0,3
BRDA:74,21,1,3
BRDA:78,22,0,3
BRDA:78,22,1,0
BRDA:78,23,0,3
BRDA:78,23,1,3
BRDA:81,24,0,3
BRDA:81,24,1,0
BRDA:82,25,0,3
BRDA:82,25,1,0
BRDA:83,26,0,2
BRDA:83,26,1,1
BRDA:84,27,0,2
BRDA:84,27,1,0
BRDA:86,28,0,2
BRDA:86,28,1,1
BRDA:86,29,0,2
BRDA:86,29,1,0
BRDA:89,30,0,0
BRDA:89,30,1,3
BRDA:91,31,0,3
BRDA:91,31,1,2
BRDA:99,32,0,2
BRDA:99,32,1,1
BRF:68
BRH:45
end_of_record
TN:
SF:src/app/api/oracle/sync/route.ts
FN:21,timingSafeEqualString
FN:28,isCronAuthorized
FN:43,GET
FN:44,(anonymous_3)
FN:71,POST
FN:72,(anonymous_5)
FNF:6
FNH:6
FNDA:2,timingSafeEqualString
FNDA:8,isCronAuthorized
FNDA:1,GET
FNDA:1,(anonymous_3)
FNDA:9,POST
FNDA:9,(anonymous_5)
DA:22,2
DA:23,2
DA:24,2
DA:25,2
DA:29,8
DA:32,8
DA:33,2
DA:34,8
DA:35,1
DA:36,8
DA:37,1
DA:38,1
DA:39,1
DA:40,1
DA:44,1
DA:45,1
DA:50,1
DA:51,1
DA:52,1
DA:53,1
DA:56,1
DA:59,1
DA:72,9
DA:73,9
DA:78,9
DA:79,8
DA:80,8
DA:81,8
DA:85,9
DA:86,6
DA:90,6
DA:93,7
DA:96,7
DA:97,1
DA:100,6
DA:101,6
DA:105,3
DA:106,3
DA:107,2
DA:108,1
DA:109,0
DA:111,3
DA:114,3
DA:115,3
DA:125,3
DA:126,3
DA:127,3
DA:128,3
DA:129,3
DA:130,3
DA:131,3
DA:132,3
DA:134,3
DA:137,3
LF:54
LH:53
BRDA:24,0,0,0
BRDA:24,0,1,2
BRDA:30,1,0,8
BRDA:30,1,1,7
BRDA:32,2,0,6
BRDA:32,2,1,2
BRDA:33,3,0,2
BRDA:33,3,1,1
BRDA:34,4,0,1
BRDA:34,4,1,7
BRDA:34,5,0,8
BRDA:34,5,1,1
BRDA:35,6,0,1
BRDA:35,6,1,0
BRDA:36,7,0,0
BRDA:36,7,1,8
BRDA:37,8,0,0
BRDA:37,8,1,1
BRDA:39,9,0,0
BRDA:39,9,1,1
BRDA:50,10,0,0
BRDA:50,10,1,1
BRDA:53,11,0,0
BRDA:53,11,1,1
BRDA:56,12,0,0
BRDA:56,12,1,1
BRDA:62,13,0,0
BRDA:62,13,1,1
BRDA:78,14,0,1
BRDA:78,14,1,8
BRDA:81,15,0,8
BRDA:81,15,1,0
BRDA:82,16,0,8
BRDA:82,16,1,8
BRDA:85,17,0,6
BRDA:85,17,1,3
BRDA:90,18,0,1
BRDA:90,18,1,5
BRDA:93,19,0,0
BRDA:93,19,1,7
BRDA:96,20,0,1
BRDA:96,20,1,6
BRDA:96,21,0,7
BRDA:96,21,1,6
BRDA:101,22,0,0
BRDA:101,22,1,6
BRDA:105,23,0,3
BRDA:105,23,1,0
BRDA:106,24,0,1
BRDA:106,24,1,2
BRDA:107,25,0,1
BRDA:107,25,1,1
BRDA:108,26,0,1
BRDA:108,26,1,0
BRDA:111,27,0,0
BRDA:111,27,1,3
BRDA:125,28,0,3
BRDA:125,28,1,0
BRDA:134,29,0,0
BRDA:134,29,1,3
BRDA:141,30,0,0
BRDA:141,30,1,3
BRF:62
BRH:44
end_of_record
TN:
SF:src/app/api/oracle/sync-metrics/route.ts
FN:15,GET
FN:16,(anonymous_1)
FNF:2
FNH:0
FNDA:0,GET
FNDA:0,(anonymous_1)
DA:5,0
DA:16,0
DA:17,0
DA:22,0
DA:23,0
DA:24,0
DA:25,0
DA:26,0
DA:27,0
DA:32,0
LF:10
LH:0
BRDA:22,0,0,0
BRDA:22,0,1,0
BRDA:26,1,0,0
BRDA:26,1,1,0
BRF:4
BRH:0
end_of_record
TN:
SF:src/app/api/reports/generate-pdf/route.ts
FN:7,POST
FN:8,(anonymous_1)
FNF:2
FNH:0
FNDA:0,POST
FNDA:0,(anonymous_1)
DA:5,0
DA:8,0
DA:9,0
DA:11,0
DA:12,0
DA:15,0
DA:16,0
DA:17,0
DA:22,0
DA:23,0
DA:25,0
DA:36,0
DA:38,0
DA:42,0
DA:50,0
DA:51,0
LF:16
LH:0
BRDA:11,0,0,0
BRDA:11,0,1,0
BRF:2
BRH:0
end_of_record
TN:
SF:src/components/AddressAvatar.tsx
FN:12,AddressAvatar
FN:17,(anonymous_1)
FNF:2
FNH:2
FNDA:6,AddressAvatar
FNDA:3,(anonymous_1)
DA:17,6
DA:18,3
DA:21,3
DA:22,3
DA:23,15
DA:26,3
DA:27,3
DA:29,3
DA:36,6
LF:9
LH:9
BRDA:14,0,0,6
BRDA:18,1,0,0
BRDA:18,1,1,3
BRF:3
BRH:2
end_of_record
TN:
SF:src/components/AlertRuleBasicFields.tsx
FN:12,AlertRuleBasicFields
FN:25,(anonymous_1)
FN:46,(anonymous_2)
FN:61,(anonymous_3)
FNF:4
FNH:0
FNDA:0,AlertRuleBasicFields
FNDA:0,(anonymous_1)
FNDA:0,(anonymous_2)
FNDA:0,(anonymous_3)
DA:17,0
DA:26,0
DA:47,0
DA:62,0
LF:4
LH:0
BRDA:45,0,0,0
BRDA:45,0,1,0
BRDA:60,1,0,0
BRDA:60,1,1,0
BRF:4
BRH:0
end_of_record
TN:
SF:src/components/AlertRuleCard.tsx
FN:27,AlertRuleCard
FNF:1
FNH:0
FNDA:0,AlertRuleCard
DA:40,0
LF:1
LH:0
BRDA:44,0,0,0
BRDA:44,0,1,0
BRDA:60,1,0,0
BRDA:60,1,1,0
BRDA:60,2,0,0
BRDA:60,2,1,0
BRDA:75,3,0,0
BRDA:75,3,1,0
BRF:8
BRH:0
end_of_record
TN:
SF:src/components/AlertRuleHeader.tsx
FN:18,getSeverityIcon
FN:29,getSeverityLabel
FN:40,getSeverityBg
FN:51,getEventLabel
FN:86,AlertRuleHeader
FN:129,(anonymous_5)
FN:145,(anonymous_6)
FNF:7
FNH:0
FNDA:0,getSeverityIcon
FNDA:0,getSeverityLabel
FNDA:0,getSeverityBg
FNDA:0,getEventLabel
FNDA:0,AlertRuleHeader
FNDA:0,(anonymous_5)
FNDA:0,(anonymous_6)
DA:19,0
DA:21,0
DA:23,0
DA:25,0
DA:30,0
DA:32,0
DA:34,0
DA:36,0
DA:41,0
DA:43,0
DA:45,0
DA:47,0
DA:52,0
DA:53,0
DA:54,0
DA:55,0
DA:56,0
DA:57,0
DA:58,0
DA:59,0
DA:60,0
DA:61,0
DA:62,0
DA:63,0
DA:64,0
DA:65,0
DA:66,0
DA:67,0
DA:68,0
DA:69,0
DA:70,0
DA:71,0
DA:72,0
DA:73,0
DA:74,0
DA:75,0
DA:76,0
DA:77,0
DA:78,0
DA:79,0
DA:80,0
DA:81,0
DA:82,0
DA:83,0
DA:95,0
DA:129,0
DA:145,0
LF:47
LH:0
BRDA:19,0,0,0
BRDA:19,0,1,0
BRDA:19,0,2,0
BRDA:30,1,0,0
BRDA:30,1,1,0
BRDA:30,1,2,0
BRDA:41,2,0,0
BRDA:41,2,1,0
BRDA:41,2,2,0
BRDA:52,3,0,0
BRDA:52,3,1,0
BRDA:54,4,0,0
BRDA:54,4,1,0
BRDA:56,5,0,0
BRDA:56,5,1,0
BRDA:57,6,0,0
BRDA:57,6,1,0
BRDA:58,7,0,0
BRDA:58,7,1,0
BRDA:59,8,0,0
BRDA:59,8,1,0
BRDA:61,9,0,0
BRDA:61,9,1,0
BRDA:63,10,0,0
BRDA:63,10,1,0
BRDA:64,11,0,0
BRDA:64,11,1,0
BRDA:66,12,0,0
BRDA:66,12,1,0
BRDA:68,13,0,0
BRDA:68,13,1,0
BRDA:70,14,0,0
BRDA:70,14,1,0
BRDA:72,15,0,0
BRDA:72,15,1,0
BRDA:74,16,0,0
BRDA:74,16,1,0
BRDA:76,17,0,0
BRDA:76,17,1,0
BRDA:78,18,0,0
BRDA:78,18,1,0
BRDA:80,19,0,0
BRDA:80,19,1,0
BRDA:82,20,0,0
BRDA:82,20,1,0
BRDA:130,21,0,0
BRDA:130,21,1,0
BRDA:130,21,2,0
BRDA:133,22,0,0
BRDA:133,22,1,0
BRDA:133,23,0,0
BRDA:133,23,1,0
BRDA:133,23,2,0
BRDA:138,24,0,0
BRDA:138,24,1,0
BRF:55
BRH:0
end_of_record
TN:
SF:src/components/AlertRulesManager.tsx
FN:20,AlertRulesManager
FN:50,(anonymous_1)
FN:61,(anonymous_2)
FN:62,(anonymous_3)
FN:63,(anonymous_4)
FN:68,(anonymous_5)
FN:69,(anonymous_6)
FN:70,(anonymous_7)
FN:75,(anonymous_8)
FN:76,(anonymous_9)
FN:77,(anonymous_10)
FN:84,(anonymous_11)
FN:107,(anonymous_12)
FN:108,(anonymous_13)
FN:109,(anonymous_14)
FN:114,(anonymous_15)
FN:122,(anonymous_16)
FN:146,(anonymous_17)
FN:185,(anonymous_18)
FN:225,(anonymous_19)
FN:309,(anonymous_20)
FN:323,(anonymous_21)
FN:337,(anonymous_22)
FN:360,(anonymous_23)
FNF:24
FNH:0
FNDA:0,AlertRulesManager
FNDA:0,(anonymous_1)
FNDA:0,(anonymous_2)
FNDA:0,(anonymous_3)
FNDA:0,(anonymous_4)
FNDA:0,(anonymous_5)
FNDA:0,(anonymous_6)
FNDA:0,(anonymous_7)
FNDA:0,(anonymous_8)
FNDA:0,(anonymous_9)
FNDA:0,(anonymous_10)
FNDA:0,(anonymous_11)
FNDA:0,(anonymous_12)
FNDA:0,(anonymous_13)
FNDA:0,(anonymous_14)
FNDA:0,(anonymous_15)
FNDA:0,(anonymous_16)
FNDA:0,(anonymous_17)
FNDA:0,(anonymous_18)
FNDA:0,(anonymous_19)
FNDA:0,(anonymous_20)
FNDA:0,(anonymous_21)
FNDA:0,(anonymous_22)
FNDA:0,(anonymous_23)
DA:29,0
DA:30,0
DA:38,0
DA:39,0
DA:40,0
DA:41,0
DA:42,0
DA:44,0
DA:45,0
DA:48,0
DA:51,0
DA:52,0
DA:59,0
DA:61,0
DA:62,0
DA:63,0
DA:65,0
DA:68,0
DA:69,0
DA:70,0
DA:72,0
DA:75,0
DA:76,0
DA:77,0
DA:78,0
DA:81,0
DA:84,0
DA:85,0
DA:93,0
DA:95,0
DA:96,0
DA:97,0
DA:98,0
DA:99,0
DA:101,0
DA:104,0
DA:107,0
DA:108,0
DA:109,0
DA:110,0
DA:111,0
DA:112,0
DA:114,0
DA:115,0
DA:116,0
DA:119,0
DA:122,0
DA:123,0
DA:124,0
DA:125,0
DA:130,0
DA:133,0
DA:134,0
DA:139,0
DA:142,0
DA:143,0
DA:144,0
DA:147,0
DA:148,0
DA:166,0
DA:167,0
DA:171,0
DA:173,0
DA:174,0
DA:181,0
DA:185,0
DA:186,0
DA:187,0
DA:188,0
DA:193,0
DA:196,0
DA:197,0
DA:198,0
DA:206,0
DA:211,0
DA:212,0
DA:221,0
DA:225,0
DA:226,0
DA:227,0
DA:228,0
DA:231,0
DA:309,0
DA:323,0
DA:338,0
DA:361,0
DA:363,0
DA:364,0
DA:367,0
DA:369,0
LF:90
LH:0
BRDA:21,0,0,0
BRDA:22,1,0,0
BRDA:23,2,0,0
BRDA:45,3,0,0
BRDA:45,3,1,0
BRDA:59,4,0,0
BRDA:59,4,1,0
BRDA:63,5,0,0
BRDA:63,5,1,0
BRDA:70,6,0,0
BRDA:70,6,1,0
BRDA:78,7,0,0
BRDA:78,7,1,0
BRDA:78,8,0,0
BRDA:78,8,1,0
BRDA:97,9,0,0
BRDA:97,9,1,0
BRDA:98,10,0,0
BRDA:98,10,1,0
BRDA:98,11,0,0
BRDA:98,11,1,0
BRDA:98,11,2,0
BRDA:110,12,0,0
BRDA:110,12,1,0
BRDA:112,13,0,0
BRDA:112,13,1,0
BRDA:115,14,0,0
BRDA:115,14,1,0
BRDA:124,15,0,0
BRDA:124,15,1,0
BRDA:133,16,0,0
BRDA:133,16,1,0
BRDA:150,17,0,0
BRDA:150,17,1,0
BRDA:151,18,0,0
BRDA:151,18,1,0
BRDA:151,19,0,0
BRDA:151,19,1,0
BRDA:153,20,0,0
BRDA:153,20,1,0
BRDA:153,21,0,0
BRDA:153,21,1,0
BRDA:154,22,0,0
BRDA:154,22,1,0
BRDA:154,23,0,0
BRDA:154,23,1,0
BRDA:156,24,0,0
BRDA:156,24,1,0
BRDA:156,25,0,0
BRDA:156,25,1,0
BRDA:176,26,0,0
BRDA:176,26,1,0
BRDA:187,27,0,0
BRDA:187,27,1,0
BRDA:214,28,0,0
BRDA:214,28,1,0
BRDA:226,29,0,0
BRDA:226,29,1,0
BRDA:233,30,0,0
BRDA:233,30,1,0
BRDA:237,31,0,0
BRDA:237,31,1,0
BRDA:240,32,0,0
BRDA:240,32,1,0
BRDA:253,33,0,0
BRDA:253,33,1,0
BRDA:272,34,0,0
BRDA:272,34,1,0
BRDA:272,34,2,0
BRDA:272,34,3,0
BRDA:279,35,0,0
BRDA:279,35,1,0
BRDA:279,36,0,0
BRDA:279,36,1,0
BRDA:279,36,2,0
BRDA:279,36,3,0
BRDA:284,37,0,0
BRDA:284,37,1,0
BRDA:290,38,0,0
BRDA:290,38,1,0
BRDA:295,39,0,0
BRDA:295,39,1,0
BRDA:301,40,0,0
BRDA:301,40,1,0
BRDA:316,41,0,0
BRDA:316,41,1,0
BRDA:330,42,0,0
BRDA:330,42,1,0
BRDA:335,43,0,0
BRDA:335,43,1,0
BRDA:344,44,0,0
BRDA:344,44,1,0
BRDA:348,45,0,0
BRDA:348,45,1,0
BRDA:353,46,0,0
BRDA:353,46,1,0
BRDA:363,47,0,0
BRDA:363,47,1,0
BRDA:364,48,0,0
BRDA:364,48,1,0
BRDA:365,49,0,0
BRDA:365,49,1,0
BRF:102
BRH:0
end_of_record
TN:
SF:src/components/AssertionDetailSkeleton.tsx
FN:1,AssertionDetailSkeleton
FN:72,(anonymous_1)
FN:86,(anonymous_2)
FNF:3
FNH:3
FNDA:2,AssertionDetailSkeleton
FNDA:8,(anonymous_1)
FNDA:6,(anonymous_2)
DA:2,2
DA:73,8
DA:87,6
LF:3
LH:3
BRF:0
BRH:0
end_of_record
TN:
SF:src/components/AssertionList.tsx
FN:42,getStatusColor
FN:48,(anonymous_1)
FN:62,(anonymous_2)
FN:74,(anonymous_3)
FN:81,AssertionList2
FN:124,(anonymous_5)
FN:130,(anonymous_6)
FN:136,(anonymous_7)
FN:167,(anonymous_8)
FN:221,(anonymous_9)
FN:315,(anonymous_10)
FN:327,(anonymous_11)
FN:419,(anonymous_12)
FN:434,(anonymous_13)
FNF:14
FNH:0
FNDA:0,getStatusColor
FNDA:0,(anonymous_1)
FNDA:0,(anonymous_2)
FNDA:0,(anonymous_3)
FNDA:0,AssertionList2
FNDA:0,(anonymous_5)
FNDA:0,(anonymous_6)
FNDA:0,(anonymous_7)
FNDA:0,(anonymous_8)
FNDA:0,(anonymous_9)
FNDA:0,(anonymous_10)
FNDA:0,(anonymous_11)
FNDA:0,(anonymous_12)
FNDA:0,(anonymous_13)
DA:35,0
DA:43,0
DA:47,0
DA:49,0
DA:59,0
DA:61,0
DA:63,0
DA:68,0
DA:71,0
DA:75,0
DA:79,0
DA:81,0
DA:92,0
DA:93,0
DA:94,0
DA:96,0
DA:97,0
DA:100,0
DA:101,0
DA:124,0
DA:125,0
DA:126,0
DA:127,0
DA:130,0
DA:131,0
DA:132,0
DA:133,0
DA:136,0
DA:137,0
DA:138,0
DA:148,0
DA:149,0
DA:164,0
DA:167,0
DA:168,0
DA:171,0
DA:222,0
DA:223,0
DA:224,0
DA:316,0
DA:321,0
DA:322,0
DA:324,0
DA:328,0
DA:329,0
DA:330,0
DA:407,0
DA:408,0
DA:419,0
DA:424,0
DA:435,0
LF:51
LH:0
BRDA:43,0,0,0
BRDA:43,0,1,0
BRDA:96,1,0,0
BRDA:96,1,1,0
BRDA:96,2,0,0
BRDA:96,2,1,0
BRDA:100,3,0,0
BRDA:100,3,1,0
BRDA:110,4,0,0
BRDA:110,4,1,0
BRDA:112,5,0,0
BRDA:112,5,1,0
BRDA:125,6,0,0
BRDA:125,6,1,0
BRDA:126,7,0,0
BRDA:126,7,1,0
BRDA:131,8,0,0
BRDA:131,8,1,0
BRDA:132,9,0,0
BRDA:132,9,1,0
BRDA:137,10,0,0
BRDA:137,10,1,0
BRDA:148,11,0,0
BRDA:148,11,1,0
BRDA:148,12,0,0
BRDA:148,12,1,0
BRDA:168,13,0,0
BRDA:168,13,1,0
BRDA:176,14,0,0
BRDA:176,14,1,0
BRDA:185,15,0,0
BRDA:185,15,1,0
BRDA:192,16,0,0
BRDA:192,16,1,0
BRDA:194,17,0,0
BRDA:194,17,1,0
BRDA:196,18,0,0
BRDA:196,18,1,0
BRDA:198,19,0,0
BRDA:198,19,1,0
BRDA:228,20,0,0
BRDA:228,20,1,0
BRDA:233,21,0,0
BRDA:233,21,1,0
BRDA:240,22,0,0
BRDA:240,22,1,0
BRDA:241,23,0,0
BRDA:241,23,1,0
BRDA:246,24,0,0
BRDA:246,24,1,0
BRDA:261,25,0,0
BRDA:261,25,1,0
BRDA:263,26,0,0
BRDA:263,26,1,0
BRDA:271,27,0,0
BRDA:271,27,1,0
BRDA:278,28,0,0
BRDA:278,28,1,0
BRDA:299,29,0,0
BRDA:299,29,1,0
BRDA:306,30,0,0
BRDA:306,30,1,0
BRDA:321,31,0,0
BRDA:321,31,1,0
BRDA:346,32,0,0
BRDA:346,32,1,0
BRDA:361,33,0,0
BRDA:361,33,1,0
BRDA:364,34,0,0
BRDA:364,34,1,0
BRDA:380,35,0,0
BRDA:380,35,1,0
BRDA:394,36,0,0
BRDA:394,36,1,0
BRDA:407,37,0,0
BRDA:407,37,1,0
BRF:76
BRH:0
end_of_record
TN:
SF:src/components/AssertionTimeline.tsx
FN:24,AssertionTimeline
FN:36,(anonymous_1)
FN:104,(anonymous_2)
FN:114,(anonymous_3)
FNF:4
FNH:4
FNDA:6,AssertionTimeline
FNDA:6,(anonymous_1)
FNDA:18,(anonymous_2)
FNDA:18,(anonymous_3)
DA:33,6
DA:34,6
DA:36,6
DA:37,6
DA:47,6
DA:48,0
DA:56,0
DA:57,0
DA:65,0
DA:73,6
DA:74,0
DA:82,6
DA:91,6
DA:92,6
DA:93,6
DA:103,6
DA:104,18
DA:107,6
DA:110,6
DA:115,18
DA:117,18
LF:21
LH:16
BRDA:47,0,0,0
BRDA:47,0,1,6
BRDA:47,1,0,6
BRDA:47,1,1,6
BRDA:51,2,0,0
BRDA:51,2,1,0
BRDA:56,3,0,0
BRDA:56,3,1,0
BRDA:60,4,0,0
BRDA:60,4,1,0
BRDA:68,5,0,0
BRDA:68,5,1,0
BRDA:73,6,0,0
BRDA:73,6,1,6
BRDA:77,7,0,0
BRDA:77,7,1,0
BRDA:91,8,0,6
BRDA:91,8,1,0
BRDA:91,9,0,6
BRDA:91,9,1,6
BRDA:126,10,0,12
BRDA:126,10,1,6
BRDA:138,11,0,12
BRDA:138,11,1,6
BRDA:147,12,0,12
BRDA:147,12,1,6
BRDA:152,13,0,18
BRDA:152,13,1,12
BRF:28
BRH:15
end_of_record
TN:
SF:src/components/AuditLogViewer.tsx
FN:23,AuditLogViewer
FN:51,(anonymous_1)
FN:58,(anonymous_2)
FN:59,(anonymous_3)
FN:80,(anonymous_4)
FN:81,(anonymous_5)
FN:94,(anonymous_6)
FN:104,(anonymous_7)
FN:113,(anonymous_8)
FN:118,(anonymous_9)
FN:128,(anonymous_10)
FN:162,(anonymous_11)
FN:170,(anonymous_12)
FN:195,(anonymous_13)
FN:237,(anonymous_14)
FN:271,(anonymous_15)
FN:293,(anonymous_16)
FN:294,(anonymous_17)
FN:311,(anonymous_18)
FN:312,(anonymous_19)
FN:329,(anonymous_20)
FN:330,(anonymous_21)
FN:347,(anonymous_22)
FN:348,(anonymous_23)
FN:366,(anonymous_24)
FN:367,(anonymous_25)
FN:405,(anonymous_26)
FN:419,(anonymous_27)
FN:440,(anonymous_28)
FN:465,(anonymous_29)
FN:504,(anonymous_30)
FNF:31
FNH:0
FNDA:0,AuditLogViewer
FNDA:0,(anonymous_1)
FNDA:0,(anonymous_2)
FNDA:0,(anonymous_3)
FNDA:0,(anonymous_4)
FNDA:0,(anonymous_5)
FNDA:0,(anonymous_6)
FNDA:0,(anonymous_7)
FNDA:0,(anonymous_8)
FNDA:0,(anonymous_9)
FNDA:0,(anonymous_10)
FNDA:0,(anonymous_11)
FNDA:0,(anonymous_12)
FNDA:0,(anonymous_13)
FNDA:0,(anonymous_14)
FNDA:0,(anonymous_15)
FNDA:0,(anonymous_16)
FNDA:0,(anonymous_17)
FNDA:0,(anonymous_18)
FNDA:0,(anonymous_19)
FNDA:0,(anonymous_20)
FNDA:0,(anonymous_21)
FNDA:0,(anonymous_22)
FNDA:0,(anonymous_23)
FNDA:0,(anonymous_24)
FNDA:0,(anonymous_25)
FNDA:0,(anonymous_26)
FNDA:0,(anonymous_27)
FNDA:0,(anonymous_28)
FNDA:0,(anonymous_29)
FNDA:0,(anonymous_30)
DA:30,0
DA:31,0
DA:33,0
DA:34,0
DA:35,0
DA:36,0
DA:37,0
DA:38,0
DA:39,0
DA:41,0
DA:49,0
DA:51,0
DA:52,0
DA:53,0
DA:54,0
DA:55,0
DA:58,0
DA:59,0
DA:60,0
DA:61,0
DA:62,0
DA:64,0
DA:65,0
DA:66,0
DA:67,0
DA:68,0
DA:70,0
DA:71,0
DA:72,0
DA:73,0
DA:74,0
DA:76,0
DA:80,0
DA:81,0
DA:82,0
DA:83,0
DA:84,0
DA:85,0
DA:86,0
DA:87,0
DA:88,0
DA:92,0
DA:93,0
DA:94,0
DA:96,0
DA:98,0
DA:99,0
DA:104,0
DA:105,0
DA:106,0
DA:107,0
DA:108,0
DA:109,0
DA:110,0
DA:113,0
DA:114,0
DA:115,0
DA:118,0
DA:119,0
DA:120,0
DA:121,0
DA:122,0
DA:123,0
DA:124,0
DA:125,0
DA:128,0
DA:129,0
DA:130,0
DA:131,0
DA:132,0
DA:133,0
DA:134,0
DA:135,0
DA:136,0
DA:137,0
DA:138,0
DA:140,0
DA:141,0
DA:142,0
DA:143,0
DA:144,0
DA:148,0
DA:149,0
DA:150,0
DA:151,0
DA:152,0
DA:153,0
DA:154,0
DA:157,0
DA:158,0
DA:159,0
DA:160,0
DA:162,0
DA:163,0
DA:164,0
DA:165,0
DA:166,0
DA:167,0
DA:168,0
DA:169,0
DA:170,0
DA:173,0
DA:174,0
DA:186,0
DA:192,0
DA:195,0
DA:196,0
DA:197,0
DA:198,0
DA:201,0
DA:210,0
DA:211,0
DA:212,0
DA:226,0
DA:231,0
DA:233,0
DA:237,0
DA:238,0
DA:239,0
DA:240,0
DA:241,0
DA:242,0
DA:243,0
DA:246,0
DA:271,0
DA:294,0
DA:312,0
DA:330,0
DA:348,0
DA:367,0
DA:405,0
DA:419,0
DA:440,0
DA:466,0
DA:504,0
LF:135
LH:0
BRDA:54,0,0,0
BRDA:54,0,1,0
BRDA:70,1,0,0
BRDA:70,1,1,0
BRDA:71,2,0,0
BRDA:71,2,1,0
BRDA:72,3,0,0
BRDA:72,3,1,0
BRDA:73,4,0,0
BRDA:73,4,1,0
BRDA:74,5,0,0
BRDA:74,5,1,0
BRDA:83,6,0,0
BRDA:83,6,1,0
BRDA:94,7,0,0
BRDA:94,7,1,0
BRDA:98,8,0,0
BRDA:98,8,1,0
BRDA:109,9,0,0
BRDA:109,9,1,0
BRDA:114,10,0,0
BRDA:114,10,1,0
BRDA:124,11,0,0
BRDA:124,11,1,0
BRDA:129,12,0,0
BRDA:129,12,1,0
BRDA:140,13,0,0
BRDA:140,13,1,0
BRDA:141,14,0,0
BRDA:141,14,1,0
BRDA:148,15,0,0
BRDA:148,15,1,0
BRDA:150,16,0,0
BRDA:150,16,1,0
BRDA:151,17,0,0
BRDA:151,17,1,0
BRDA:151,18,0,0
BRDA:151,18,1,0
BRDA:152,19,0,0
BRDA:152,19,1,0
BRDA:154,20,0,0
BRDA:154,20,1,0
BRDA:154,21,0,0
BRDA:154,21,1,0
BRDA:159,22,0,0
BRDA:159,22,1,0
BRDA:160,23,0,0
BRDA:160,23,1,0
BRDA:173,24,0,0
BRDA:173,24,1,0
BRDA:178,25,0,0
BRDA:178,25,1,0
BRDA:179,26,0,0
BRDA:179,26,1,0
BRDA:180,27,0,0
BRDA:180,27,1,0
BRDA:181,28,0,0
BRDA:181,28,1,0
BRDA:182,29,0,0
BRDA:182,29,1,0
BRDA:196,30,0,0
BRDA:196,30,1,0
BRDA:196,31,0,0
BRDA:196,31,1,0
BRDA:216,32,0,0
BRDA:216,32,1,0
BRDA:218,33,0,0
BRDA:218,33,1,0
BRDA:219,34,0,0
BRDA:219,34,1,0
BRDA:220,35,0,0
BRDA:220,35,1,0
BRDA:242,36,0,0
BRDA:242,36,1,0
BRDA:379,37,0,0
BRDA:379,37,1,0
BRDA:382,38,0,0
BRDA:382,38,1,0
BRDA:382,39,0,0
BRDA:382,39,1,0
BRDA:392,40,0,0
BRDA:392,40,1,0
BRDA:395,41,0,0
BRDA:395,41,1,0
BRDA:395,42,0,0
BRDA:395,42,1,0
BRDA:406,43,0,0
BRDA:406,43,1,0
BRDA:409,44,0,0
BRDA:409,44,1,0
BRDA:409,45,0,0
BRDA:409,45,1,0
BRDA:415,46,0,0
BRDA:415,46,1,0
BRDA:420,47,0,0
BRDA:420,47,1,0
BRDA:423,48,0,0
BRDA:423,48,1,0
BRDA:423,49,0,0
BRDA:423,49,1,0
BRDA:429,50,0,0
BRDA:429,50,1,0
BRDA:441,51,0,0
BRDA:441,51,1,0
BRDA:444,52,0,0
BRDA:444,52,1,0
BRDA:444,53,0,0
BRDA:444,53,1,0
BRDA:449,54,0,0
BRDA:449,54,1,0
BRDA:454,55,0,0
BRDA:454,55,1,0
BRDA:460,56,0,0
BRDA:460,56,1,0
BRDA:460,56,2,0
BRDA:460,56,3,0
BRDA:460,56,4,0
BRDA:481,57,0,0
BRDA:481,57,1,0
BRDA:483,58,0,0
BRDA:483,58,1,0
BRDA:488,59,0,0
BRDA:488,59,1,0
BRDA:499,60,0,0
BRDA:499,60,1,0
BRDA:501,61,0,0
BRDA:501,61,1,0
BRDA:504,62,0,0
BRDA:504,62,1,0
BRDA:510,63,0,0
BRDA:510,63,1,0
BRDA:513,64,0,0
BRDA:513,64,1,0
BRF:133
BRH:0
end_of_record
TN:
SF:src/components/Breadcrumbs.tsx
FN:18,Breadcrumbs
FN:34,(anonymous_1)
FNF:2
FNH:0
FNDA:0,Breadcrumbs
FNDA:0,(anonymous_1)
DA:19,0
DA:21,0
DA:35,0
LF:3
LH:0
BRDA:37,0,0,0
BRDA:37,0,1,0
BRF:2
BRH:0
end_of_record
TN:
SF:src/components/ChannelSwitches.tsx
FN:14,ChannelSwitch
FN:32,(anonymous_1)
FN:39,ChannelSwitches
FNF:3
FNH:0
FNDA:0,ChannelSwitch
FNDA:0,(anonymous_1)
FNDA:0,ChannelSwitches
DA:27,0
DA:32,0
DA:45,0
LF:3
LH:0
BRF:0
BRH:0
end_of_record
TN:
SF:src/components/ClientComponentsWrapper.tsx
FN:10,ClientComponentsWrapper
FNF:1
FNH:0
FNDA:0,ClientComponentsWrapper
DA:13,0
LF:1
LH:0
BRF:0
BRH:0
end_of_record
TN:
SF:src/components/CommentSection.tsx
FN:28,CommentSection
FN:40,(anonymous_1)
FN:44,(anonymous_2)
FN:68,(anonymous_3)
FN:89,(anonymous_4)
FN:128,(anonymous_5)
FN:158,(anonymous_6)
FN:182,(anonymous_7)
FN:200,(anonymous_8)
FN:204,(anonymous_9)
FN:219,(anonymous_10)
FN:259,(anonymous_11)
FN:266,(anonymous_12)
FN:272,(anonymous_13)
FN:290,(anonymous_14)
FN:298,(anonymous_15)
FN:308,(anonymous_16)
FN:318,(anonymous_17)
FN:331,(anonymous_18)
FN:346,(anonymous_19)
FN:362,(anonymous_20)
FN:412,(anonymous_21)
FNF:22
FNH:0
FNDA:0,CommentSection
FNDA:0,(anonymous_1)
FNDA:0,(anonymous_2)
FNDA:0,(anonymous_3)
FNDA:0,(anonymous_4)
FNDA:0,(anonymous_5)
FNDA:0,(anonymous_6)
FNDA:0,(anonymous_7)
FNDA:0,(anonymous_8)
FNDA:0,(anonymous_9)
FNDA:0,(anonymous_10)
FNDA:0,(anonymous_11)
FNDA:0,(anonymous_12)
FNDA:0,(anonymous_13)
FNDA:0,(anonymous_14)
FNDA:0,(anonymous_15)
FNDA:0,(anonymous_16)
FNDA:0,(anonymous_17)
FNDA:0,(anonymous_18)
FNDA:0,(anonymous_19)
FNDA:0,(anonymous_20)
FNDA:0,(anonymous_21)
DA:29,0
DA:30,0
DA:31,0
DA:32,0
DA:33,0
DA:34,0
DA:35,0
DA:36,0
DA:37,0
DA:38,0
DA:40,0
DA:41,0
DA:44,0
DA:45,0
DA:46,0
DA:48,0
DA:49,0
DA:50,0
DA:51,0
DA:52,0
DA:53,0
DA:55,0
DA:59,0
DA:60,0
DA:62,0
DA:64,0
DA:68,0
DA:69,0
DA:70,0
DA:72,0
DA:73,0
DA:76,0
DA:77,0
DA:78,0
DA:82,0
DA:86,0
DA:89,0
DA:90,0
DA:92,0
DA:94,0
DA:95,0
DA:102,0
DA:110,0
DA:111,0
DA:112,0
DA:114,0
DA:120,0
DA:128,0
DA:129,0
DA:131,0
DA:132,0
DA:140,0
DA:141,0
DA:142,0
DA:144,0
DA:150,0
DA:158,0
DA:159,0
DA:161,0
DA:162,0
DA:166,0
DA:168,0
DA:174,0
DA:182,0
DA:183,0
DA:185,0
DA:186,0
DA:190,0
DA:192,0
DA:200,0
DA:201,0
DA:204,0
DA:205,0
DA:206,0
DA:207,0
DA:208,0
DA:209,0
DA:210,0
DA:212,0
DA:213,0
DA:214,0
DA:215,0
DA:216,0
DA:219,0
DA:220,0
DA:221,0
DA:222,0
DA:224,0
DA:259,0
DA:266,0
DA:273,0
DA:274,0
DA:290,0
DA:298,0
DA:309,0
DA:310,0
DA:318,0
DA:331,0
DA:347,0
DA:348,0
DA:363,0
DA:373,0
DA:374,0
DA:381,0
DA:382,0
DA:389,0
DA:390,0
DA:400,0
DA:412,0
LF:109
LH:0
BRDA:59,0,0,0
BRDA:59,0,1,0
BRDA:77,1,0,0
BRDA:77,1,1,0
BRDA:77,2,0,0
BRDA:77,2,1,0
BRDA:92,3,0,0
BRDA:92,3,1,0
BRDA:92,4,0,0
BRDA:92,4,1,0
BRDA:92,4,2,0
BRDA:129,5,0,0
BRDA:129,5,1,0
BRDA:129,6,0,0
BRDA:129,6,1,0
BRDA:159,7,0,0
BRDA:159,7,1,0
BRDA:183,8,0,0
BRDA:183,8,1,0
BRDA:212,9,0,0
BRDA:212,9,1,0
BRDA:213,10,0,0
BRDA:213,10,1,0
BRDA:214,11,0,0
BRDA:214,11,1,0
BRDA:215,12,0,0
BRDA:215,12,1,0
BRDA:219,13,0,0
BRDA:227,14,0,0
BRDA:227,14,1,0
BRDA:228,15,0,0
BRDA:228,15,1,0
BRDA:233,16,0,0
BRDA:233,16,1,0
BRDA:242,17,0,0
BRDA:242,17,1,0
BRDA:245,18,0,0
BRDA:245,18,1,0
BRDA:251,19,0,0
BRDA:251,19,1,0
BRDA:255,20,0,0
BRDA:255,20,1,0
BRDA:305,21,0,0
BRDA:305,21,1,0
BRDA:327,22,0,0
BRDA:327,22,1,0
BRDA:358,23,0,0
BRDA:358,23,1,0
BRDA:358,23,2,0
BRDA:358,23,3,0
BRDA:373,24,0,0
BRDA:373,24,1,0
BRDA:381,25,0,0
BRDA:381,25,1,0
BRDA:389,26,0,0
BRDA:389,26,1,0
BRF:56
BRH:0
end_of_record
TN:
SF:src/components/CommonParamsInputs.tsx
FN:12,CommonParamsInputs
FN:34,(anonymous_1)
FN:60,(anonymous_2)
FNF:3
FNH:0
FNDA:0,CommonParamsInputs
FNDA:0,(anonymous_1)
FNDA:0,(anonymous_2)
DA:17,0
DA:35,0
DA:39,0
DA:61,0
DA:65,0
LF:5
LH:0
BRDA:30,0,0,0
BRDA:30,0,1,0
BRDA:56,1,0,0
BRDA:56,1,1,0
BRF:4
BRH:0
end_of_record
TN:
SF:src/components/ConnectWallet.tsx
FN:11,ConnectWallet
FN:16,(anonymous_1)
FNF:2
FNH:0
FNDA:0,ConnectWallet
FNDA:0,(anonymous_1)
DA:12,0
DA:13,0
DA:14,0
DA:16,0
DA:17,0
DA:18,0
DA:19,0
DA:25,0
DA:26,0
DA:27,0
DA:28,0
DA:33,0
DA:36,0
DA:47,0
DA:55,0
DA:56,0
DA:59,0
LF:17
LH:0
BRDA:27,0,0,0
BRDA:27,0,1,0
BRDA:36,1,0,0
BRDA:36,1,1,0
BRDA:38,2,0,0
BRDA:38,2,1,0
BRDA:40,3,0,0
BRDA:40,3,1,0
BRDA:42,4,0,0
BRDA:42,4,1,0
BRDA:44,5,0,0
BRDA:44,5,1,0
BRDA:55,6,0,0
BRDA:55,6,1,0
BRDA:66,7,0,0
BRDA:66,7,1,0
BRF:16
BRH:0
end_of_record
TN:
SF:src/components/CopyButton.tsx
FN:16,CopyButton
FN:26,(anonymous_1)
FN:40,(anonymous_2)
FNF:3
FNH:1
FNDA:24,CopyButton
FNDA:0,(anonymous_1)
FNDA:0,(anonymous_2)
DA:22,24
DA:23,24
DA:24,24
DA:26,24
DA:27,0
DA:28,0
DA:30,0
DA:31,0
DA:32,0
DA:33,0
DA:40,0
DA:42,0
DA:46,24
LF:13
LH:5
BRDA:20,0,0,24
BRDA:35,1,0,0
BRDA:35,1,1,0
BRDA:51,2,0,0
BRDA:51,2,1,24
BRDA:56,3,0,24
BRDA:56,3,1,0
BRDA:63,4,0,0
BRDA:63,4,1,24
BRDA:70,5,0,0
BRDA:70,5,1,24
BRF:11
BRH:5
end_of_record
TN:
SF:src/components/CountdownTimer.tsx
FN:14,CountdownTimer
FN:28,(anonymous_1)
FN:29,(anonymous_2)
FN:53,(anonymous_3)
FN:57,(anonymous_4)
FNF:5
FNH:4
FNDA:7,CountdownTimer
FNDA:3,(anonymous_1)
FNDA:3,(anonymous_2)
FNDA:0,(anonymous_3)
FNDA:3,(anonymous_4)
DA:20,7
DA:28,7
DA:29,3
DA:30,3
DA:31,3
DA:32,3
DA:34,3
DA:35,3
DA:36,0
DA:38,3
DA:41,0
DA:51,3
DA:53,3
DA:54,0
DA:57,3
DA:60,7
DA:62,4
DA:63,4
DA:66,0
DA:68,7
LF:20
LH:16
BRDA:34,0,0,3
BRDA:34,0,1,0
BRDA:35,1,0,0
BRDA:35,1,1,3
BRDA:60,2,0,3
BRDA:60,2,1,4
BRDA:62,3,0,4
BRDA:62,3,1,0
BRDA:66,4,0,0
BRDA:66,4,1,0
BRDA:72,5,0,0
BRDA:72,5,1,0
BRDA:76,6,0,7
BRDA:76,6,1,0
BRDA:77,7,0,7
BRDA:77,7,1,0
BRDA:83,8,0,7
BRDA:83,8,1,0
BRF:18
BRH:8
end_of_record
TN:
SF:src/components/CreateAssertionModal.tsx
FN:23,CreateAssertionModal
FN:55,(anonymous_1)
FN:72,(anonymous_2)
FN:85,(anonymous_3)
FN:134,(anonymous_4)
FN:142,(anonymous_5)
FN:146,(anonymous_6)
FN:165,(anonymous_7)
FN:182,(anonymous_8)
FN:202,(anonymous_9)
FNF:10
FNH:0
FNDA:0,CreateAssertionModal
FNDA:0,(anonymous_1)
FNDA:0,(anonymous_2)
FNDA:0,(anonymous_3)
FNDA:0,(anonymous_4)
FNDA:0,(anonymous_5)
FNDA:0,(anonymous_6)
FNDA:0,(anonymous_7)
FNDA:0,(anonymous_8)
FNDA:0,(anonymous_9)
DA:31,0
DA:32,0
DA:33,0
DA:35,0
DA:36,0
DA:37,0
DA:39,0
DA:40,0
DA:41,0
DA:42,0
DA:43,0
DA:45,0
DA:53,0
DA:55,0
DA:56,0
DA:57,0
DA:59,0
DA:60,0
DA:61,0
DA:62,0
DA:65,0
DA:73,0
DA:74,0
DA:79,0
DA:86,0
DA:134,0
DA:143,0
DA:146,0
DA:165,0
DA:182,0
DA:202,0
LF:31
LH:0
BRDA:53,0,0,0
BRDA:53,0,1,0
BRDA:60,1,0,0
BRDA:60,1,1,0
BRDA:60,2,0,0
BRDA:60,2,1,0
BRDA:86,3,0,0
BRDA:86,3,1,0
BRDA:110,4,0,0
BRDA:110,4,1,0
BRDA:117,5,0,0
BRDA:117,5,1,0
BRDA:220,6,0,0
BRDA:220,6,1,0
BRDA:220,6,2,0
BRDA:223,7,0,0
BRDA:223,7,1,0
BRDA:223,7,2,0
BRDA:226,8,0,0
BRDA:226,8,1,0
BRDA:228,9,0,0
BRDA:228,9,1,0
BRDA:230,10,0,0
BRDA:230,10,1,0
BRF:24
BRH:0
end_of_record
TN:
SF:src/components/DisputeList.tsx
FN:41,getStatusColor
FN:53,EmptyState
FN:82,ListFooter
FN:108,statusLabel
FN:114,shortAddress
FN:131,DisputeCard
FN:187,(anonymous_6)
FN:288,(anonymous_7)
FN:348,(anonymous_8)
FN:362,(anonymous_9)
FN:374,(anonymous_10)
FN:381,DisputeList2
FN:420,(anonymous_12)
FN:429,(anonymous_13)
FN:453,(anonymous_14)
FN:462,(anonymous_15)
FNF:16
FNH:8
FNDA:8,getStatusColor
FNDA:2,EmptyState
FNDA:0,ListFooter
FNDA:8,statusLabel
FNDA:8,shortAddress
FNDA:8,DisputeCard
FNDA:0,(anonymous_6)
FNDA:0,(anonymous_7)
FNDA:0,(anonymous_8)
FNDA:0,(anonymous_9)
FNDA:0,(anonymous_10)
FNDA:12,DisputeList2
FNDA:0,(anonymous_12)
FNDA:6,(anonymous_13)
FNDA:0,(anonymous_14)
FNDA:2,(anonymous_15)
DA:34,2
DA:42,8
DA:54,2
DA:83,0
DA:84,0
DA:94,0
DA:95,0
DA:105,0
DA:109,8
DA:110,0
DA:111,0
DA:115,8
DA:116,8
DA:117,0
DA:141,8
DA:144,8
DA:188,0
DA:189,0
DA:190,0
DA:289,0
DA:290,0
DA:291,0
DA:347,2
DA:349,0
DA:359,2
DA:361,2
DA:363,0
DA:368,2
DA:371,2
DA:375,0
DA:379,2
DA:381,2
DA:392,12
DA:393,12
DA:394,12
DA:396,12
DA:397,2
DA:400,10
DA:401,2
DA:410,8
DA:411,6
DA:421,0
DA:430,6
DA:445,2
DA:454,0
DA:463,2
LF:46
LH:27
BRDA:42,0,0,8
BRDA:42,0,1,0
BRDA:61,1,0,2
BRDA:61,1,1,2
BRDA:63,2,0,2
BRDA:63,2,1,0
BRDA:83,3,0,0
BRDA:83,3,1,0
BRDA:94,4,0,0
BRDA:94,4,1,0
BRDA:94,5,0,0
BRDA:94,5,1,0
BRDA:109,6,0,8
BRDA:109,6,1,0
BRDA:110,7,0,0
BRDA:110,7,1,0
BRDA:115,8,0,0
BRDA:115,8,1,8
BRDA:116,9,0,8
BRDA:116,9,1,0
BRDA:141,10,0,2
BRDA:141,10,1,6
BRDA:149,11,0,6
BRDA:149,11,1,2
BRDA:157,12,0,8
BRDA:157,12,1,2
BRDA:164,13,0,8
BRDA:164,13,1,0
BRDA:166,14,0,8
BRDA:166,14,1,8
BRDA:168,15,0,8
BRDA:168,15,1,0
BRDA:170,16,0,8
BRDA:170,16,1,0
BRDA:194,17,0,0
BRDA:194,17,1,8
BRDA:194,18,0,8
BRDA:194,18,1,4
BRDA:199,19,0,0
BRDA:199,19,1,8
BRDA:199,20,0,8
BRDA:199,20,1,4
BRDA:208,21,0,8
BRDA:208,21,1,4
BRDA:208,21,2,0
BRDA:212,22,0,8
BRDA:212,22,1,6
BRDA:226,23,0,6
BRDA:226,23,1,2
BRDA:228,24,0,8
BRDA:228,24,1,6
BRDA:236,25,0,6
BRDA:236,25,1,2
BRDA:249,26,0,8
BRDA:249,26,1,2
BRDA:269,27,0,6
BRDA:269,27,1,2
BRDA:276,28,0,6
BRDA:276,28,1,2
BRDA:285,29,0,8
BRDA:285,29,1,8
BRDA:308,30,0,6
BRDA:308,30,1,2
BRDA:320,31,0,8
BRDA:320,31,1,6
BRDA:333,32,0,8
BRDA:333,32,1,2
BRDA:396,33,0,2
BRDA:396,33,1,10
BRDA:396,34,0,12
BRDA:396,34,1,2
BRDA:400,35,0,2
BRDA:400,35,1,8
BRDA:410,36,0,6
BRDA:410,36,1,2
BRF:75
BRH:56
end_of_record
TN:
SF:src/components/DisputeModal.tsx
FN:25,DisputeModal
FN:62,(anonymous_1)
FN:72,(anonymous_2)
FN:91,(anonymous_3)
FN:104,(anonymous_4)
FN:160,(anonymous_5)
FN:207,(anonymous_6)
FN:238,(anonymous_7)
FNF:8
FNH:3
FNDA:9,DisputeModal
FNDA:7,(anonymous_1)
FNDA:0,(anonymous_2)
FNDA:0,(anonymous_3)
FNDA:0,(anonymous_4)
FNDA:0,(anonymous_5)
FNDA:1,(anonymous_6)
FNDA:0,(anonymous_7)
DA:35,9
DA:36,9
DA:38,9
DA:39,9
DA:40,9
DA:41,9
DA:42,9
DA:43,9
DA:44,9
DA:45,9
DA:46,9
DA:47,9
DA:49,9
DA:52,9
DA:53,9
DA:54,9
DA:55,9
DA:56,9
DA:59,9
DA:60,9
DA:62,9
DA:63,7
DA:64,6
DA:65,6
DA:66,6
DA:67,6
DA:70,9
DA:72,8
DA:73,0
DA:74,0
DA:75,0
DA:76,0
DA:77,0
DA:79,0
DA:80,0
DA:81,0
DA:83,0
DA:92,0
DA:93,0
DA:98,8
DA:105,0
DA:106,0
DA:160,0
DA:208,1
DA:209,1
DA:239,0
DA:240,0
LF:47
LH:31
BRDA:39,0,0,9
BRDA:39,0,1,9
BRDA:47,1,0,9
BRDA:47,1,1,9
BRDA:49,2,0,9
BRDA:49,2,1,9
BRDA:49,2,2,9
BRDA:52,3,0,9
BRDA:52,3,1,9
BRDA:53,4,0,9
BRDA:53,4,1,9
BRDA:54,5,0,9
BRDA:54,5,1,8
BRDA:55,6,0,9
BRDA:55,6,1,9
BRDA:57,7,0,9
BRDA:57,7,1,0
BRDA:59,8,0,9
BRDA:59,8,1,8
BRDA:59,8,2,8
BRDA:60,9,0,9
BRDA:60,9,1,2
BRDA:63,10,0,1
BRDA:63,10,1,6
BRDA:65,11,0,0
BRDA:65,11,1,6
BRDA:70,12,0,1
BRDA:70,12,1,8
BRDA:75,13,0,0
BRDA:75,13,1,0
BRDA:79,14,0,0
BRDA:79,14,1,0
BRDA:105,15,0,0
BRDA:105,15,1,0
BRDA:106,16,0,0
BRDA:106,16,1,0
BRDA:131,17,0,8
BRDA:131,17,1,0
BRDA:149,18,0,9
BRDA:149,18,1,0
BRDA:155,19,0,9
BRDA:155,19,1,0
BRDA:170,20,0,9
BRDA:170,20,1,7
BRDA:209,21,0,0
BRDA:209,21,1,1
BRDA:215,22,0,9
BRDA:215,22,1,8
BRDA:236,23,0,9
BRDA:236,23,1,8
BRDA:240,24,0,0
BRDA:240,24,1,0
BRDA:242,25,0,9
BRDA:242,25,1,8
BRDA:242,25,2,8
BRDA:272,26,0,9
BRDA:272,26,1,8
BRDA:272,26,2,8
BRDA:275,27,0,9
BRDA:275,27,1,0
BRDA:276,28,0,0
BRDA:276,28,1,8
BRDA:278,29,0,0
BRDA:278,29,1,8
BRDA:280,30,0,0
BRDA:280,30,1,8
BRF:66
BRH:46
end_of_record
TN:
SF:src/components/ErrorBoundary.tsx
FN:25,(anonymous_0)
FN:33,(anonymous_1)
FN:49,(anonymous_2)
FN:53,(anonymous_3)
FN:57,(anonymous_4)
FNF:5
FNH:0
FNDA:0,(anonymous_0)
FNDA:0,(anonymous_1)
FNDA:0,(anonymous_2)
FNDA:0,(anonymous_3)
FNDA:0,(anonymous_4)
DA:19,0
DA:26,0
DA:34,0
DA:40,0
DA:42,0
DA:49,0
DA:50,0
DA:53,0
DA:54,0
DA:58,0
DA:59,0
DA:60,0
DA:63,0
DA:114,0
LF:14
LH:0
BRDA:40,0,0,0
BRDA:40,0,1,0
BRDA:40,1,0,0
BRDA:40,1,1,0
BRDA:58,2,0,0
BRDA:58,2,1,0
BRDA:59,3,0,0
BRDA:59,3,1,0
BRDA:79,4,0,0
BRDA:79,4,1,0
BRDA:79,4,2,0
BRDA:84,5,0,0
BRDA:84,5,1,0
BRF:13
BRH:0
end_of_record
TN:
SF:src/components/EventParamsInputs.tsx
FN:12,EventParamsInputs
FN:34,(anonymous_1)
FN:56,(anonymous_2)
FN:79,(anonymous_3)
FN:102,(anonymous_4)
FN:127,(anonymous_5)
FN:149,(anonymous_6)
FN:172,(anonymous_7)
FN:196,(anonymous_8)
FN:215,(anonymous_9)
FN:240,(anonymous_10)
FN:259,(anonymous_11)
FN:279,(anonymous_12)
FN:306,(anonymous_13)
FN:325,(anonymous_14)
FN:345,(anonymous_15)
FN:371,(anonymous_16)
FN:396,(anonymous_17)
FN:418,(anonymous_18)
FN:441,(anonymous_19)
FN:464,(anonymous_20)
FN:487,(anonymous_21)
FNF:22
FNH:0
FNDA:0,EventParamsInputs
FNDA:0,(anonymous_1)
FNDA:0,(anonymous_2)
FNDA:0,(anonymous_3)
FNDA:0,(anonymous_4)
FNDA:0,(anonymous_5)
FNDA:0,(anonymous_6)
FNDA:0,(anonymous_7)
FNDA:0,(anonymous_8)
FNDA:0,(anonymous_9)
FNDA:0,(anonymous_10)
FNDA:0,(anonymous_11)
FNDA:0,(anonymous_12)
FNDA:0,(anonymous_13)
FNDA:0,(anonymous_14)
FNDA:0,(anonymous_15)
FNDA:0,(anonymous_16)
FNDA:0,(anonymous_17)
FNDA:0,(anonymous_18)
FNDA:0,(anonymous_19)
FNDA:0,(anonymous_20)
FNDA:0,(anonymous_21)
DA:17,0
DA:19,0
DA:35,0
DA:36,0
DA:44,0
DA:57,0
DA:58,0
DA:66,0
DA:80,0
DA:81,0
DA:89,0
DA:103,0
DA:104,0
DA:112,0
DA:128,0
DA:129,0
DA:137,0
DA:150,0
DA:151,0
DA:159,0
DA:173,0
DA:174,0
DA:182,0
DA:197,0
DA:198,0
DA:216,0
DA:217,0
DA:226,0
DA:241,0
DA:242,0
DA:260,0
DA:261,0
DA:280,0
DA:284,0
DA:293,0
DA:307,0
DA:308,0
DA:326,0
DA:327,0
DA:346,0
DA:350,0
DA:359,0
DA:372,0
DA:373,0
DA:381,0
DA:397,0
DA:401,0
DA:419,0
DA:420,0
DA:429,0
DA:442,0
DA:443,0
DA:451,0
DA:465,0
DA:466,0
DA:474,0
DA:488,0
DA:489,0
DA:497,0
LF:59
LH:0
BRDA:17,0,0,0
BRDA:17,0,1,0
BRDA:17,0,2,0
BRDA:17,0,3,0
BRDA:17,0,4,0
BRDA:17,0,5,0
BRDA:17,0,6,0
BRDA:17,0,7,0
BRDA:17,0,8,0
BRDA:17,0,9,0
BRDA:17,0,10,0
BRDA:17,0,11,0
BRDA:17,0,12,0
BRDA:17,0,13,0
BRDA:17,0,14,0
BRDA:17,0,15,0
BRDA:30,1,0,0
BRDA:30,1,1,0
BRDA:54,2,0,0
BRDA:54,2,1,0
BRDA:76,3,0,0
BRDA:76,3,1,0
BRDA:99,4,0,0
BRDA:99,4,1,0
BRDA:123,5,0,0
BRDA:123,5,1,0
BRDA:147,6,0,0
BRDA:147,6,1,0
BRDA:169,7,0,0
BRDA:169,7,1,0
BRDA:193,8,0,0
BRDA:193,8,1,0
BRDA:212,9,0,0
BRDA:212,9,1,0
BRDA:237,10,0,0
BRDA:237,10,1,0
BRDA:256,11,0,0
BRDA:256,11,1,0
BRDA:276,12,0,0
BRDA:276,12,1,0
BRDA:304,13,0,0
BRDA:304,13,1,0
BRDA:322,14,0,0
BRDA:322,14,1,0
BRDA:342,15,0,0
BRDA:342,15,1,0
BRDA:369,16,0,0
BRDA:369,16,1,0
BRDA:393,17,0,0
BRDA:393,17,1,0
BRDA:415,18,0,0
BRDA:415,18,1,0
BRDA:439,19,0,0
BRDA:439,19,1,0
BRDA:461,20,0,0
BRDA:461,20,1,0
BRDA:484,21,0,0
BRDA:484,21,1,0
BRF:58
BRH:0
end_of_record
TN:
SF:src/components/ExportButton.tsx
FN:22,ExportButton
FN:31,(anonymous_1)
FN:64,(anonymous_2)
FN:72,(anonymous_3)
FN:80,(anonymous_4)
FNF:5
FNH:0
FNDA:0,ExportButton
FNDA:0,(anonymous_1)
FNDA:0,(anonymous_2)
FNDA:0,(anonymous_3)
FNDA:0,(anonymous_4)
DA:28,0
DA:29,0
DA:31,0
DA:32,0
DA:34,0
DA:35,0
DA:36,0
DA:41,0
DA:43,0
DA:47,0
DA:49,0
DA:64,0
DA:72,0
DA:80,0
LF:14
LH:0
BRDA:24,0,0,0
BRDA:25,1,0,0
BRDA:26,2,0,0
BRDA:32,3,0,0
BRDA:32,3,1,0
BRDA:32,4,0,0
BRDA:32,4,1,0
BRDA:32,4,2,0
BRDA:32,4,3,0
BRDA:47,5,0,0
BRDA:47,5,1,0
BRDA:47,5,2,0
BRDA:47,5,3,0
BRF:13
BRH:0
end_of_record
TN:
SF:src/components/FeatureCallout.tsx
FN:13,FeatureCallout
FNF:1
FNH:1
FNDA:1,FeatureCallout
DA:19,1
LF:1
LH:1
BRF:0
BRH:0
end_of_record
TN:
SF:src/components/HelpTooltip.tsx
FN:13,HelpTooltip
FN:25,(anonymous_1)
FN:26,(anonymous_2)
FN:27,(anonymous_3)
FNF:4
FNH:3
FNDA:5,HelpTooltip
FNDA:2,(anonymous_1)
FNDA:1,(anonymous_2)
FNDA:0,(anonymous_3)
DA:19,5
DA:21,5
DA:25,2
DA:26,1
DA:27,0
LF:5
LH:4
BRDA:32,0,0,5
BRDA:32,0,1,2
BRDA:34,1,0,2
BRDA:34,1,1,1
BRF:4
BRH:4
end_of_record
TN:
SF:src/components/HowItWorks.tsx
FN:5,HowItWorks
FN:39,(anonymous_1)
FNF:2
FNH:2
FNDA:1,HowItWorks
FNDA:3,(anonymous_1)
DA:6,1
DA:8,1
DA:32,1
DA:40,3
LF:4
LH:4
BRF:0
BRH:0
end_of_record
TN:
SF:src/components/InfoTooltip.tsx
FN:13,InfoTooltip
FN:23,(anonymous_1)
FN:24,(anonymous_2)
FNF:3
FNH:1
FNDA:13,InfoTooltip
FNDA:0,(anonymous_1)
FNDA:0,(anonymous_2)
DA:18,13
DA:20,13
DA:23,0
DA:24,0
LF:4
LH:2
BRDA:16,0,0,13
BRDA:38,1,0,0
BRDA:38,1,1,13
BRDA:39,2,0,13
BRDA:39,2,1,6
BRDA:40,3,0,13
BRDA:40,3,1,0
BRDA:41,4,0,13
BRDA:41,4,1,0
BRDA:42,5,0,13
BRDA:42,5,1,7
BRDA:50,6,0,13
BRDA:50,6,1,6
BRDA:51,7,0,13
BRDA:51,7,1,0
BRDA:52,8,0,13
BRDA:52,8,1,0
BRDA:53,9,0,13
BRDA:53,9,1,7
BRF:19
BRH:14
end_of_record
TN:
SF:src/components/KeyboardShortcuts.tsx
FN:59,useKeyboardShortcuts
FN:65,(anonymous_1)
FN:126,(anonymous_2)
FN:133,(anonymous_3)
FN:136,(anonymous_4)
FN:141,(anonymous_5)
FN:157,(anonymous_6)
FN:169,KeyboardShortcutsHelp
FN:172,(anonymous_8)
FN:187,(anonymous_9)
FN:198,(anonymous_10)
FN:204,(anonymous_11)
FN:243,getShortcutCategory
FN:274,KeyboardShortcutIndicator
FN:281,(anonymous_14)
FN:304,(anonymous_15)
FNF:16
FNH:0
FNDA:0,useKeyboardShortcuts
FNDA:0,(anonymous_1)
FNDA:0,(anonymous_2)
FNDA:0,(anonymous_3)
FNDA:0,(anonymous_4)
FNDA:0,(anonymous_5)
FNDA:0,(anonymous_6)
FNDA:0,KeyboardShortcutsHelp
FNDA:0,(anonymous_8)
FNDA:0,(anonymous_9)
FNDA:0,(anonymous_10)
FNDA:0,(anonymous_11)
FNDA:0,getShortcutCategory
FNDA:0,KeyboardShortcutIndicator
FNDA:0,(anonymous_14)
FNDA:0,(anonymous_15)
DA:40,0
DA:60,0
DA:61,0
DA:62,0
DA:64,0
DA:66,0
DA:67,0
DA:68,0
DA:71,0
DA:73,0
DA:74,0
DA:76,0
DA:77,0
DA:79,0
DA:80,0
DA:82,0
DA:83,0
DA:85,0
DA:86,0
DA:88,0
DA:89,0
DA:91,0
DA:92,0
DA:94,0
DA:95,0
DA:97,0
DA:98,0
DA:99,0
DA:101,0
DA:104,0
DA:105,0
DA:106,0
DA:108,0
DA:111,0
DA:112,0
DA:114,0
DA:115,0
DA:117,0
DA:118,0
DA:120,0
DA:121,0
DA:123,0
DA:124,0
DA:126,0
DA:127,0
DA:133,0
DA:134,0
DA:136,0
DA:137,0
DA:138,0
DA:141,0
DA:142,0
DA:143,0
DA:144,0
DA:145,0
DA:147,0
DA:150,0
DA:151,0
DA:152,0
DA:156,0
DA:157,0
DA:160,0
DA:170,0
DA:172,0
DA:173,0
DA:174,0
DA:175,0
DA:177,0
DA:178,0
DA:181,0
DA:183,0
DA:187,0
DA:199,0
DA:205,0
DA:244,0
DA:253,0
DA:256,0
DA:262,0
DA:264,0
DA:266,0
DA:275,0
DA:276,0
DA:278,0
DA:281,0
DA:304,0
LF:85
LH:0
BRDA:59,0,0,0
BRDA:60,1,0,0
BRDA:66,2,0,0
BRDA:66,2,1,0
BRDA:71,3,0,0
BRDA:71,3,1,0
BRDA:71,3,2,0
BRDA:71,3,3,0
BRDA:71,3,4,0
BRDA:71,3,5,0
BRDA:71,3,6,0
BRDA:71,3,7,0
BRDA:71,3,8,0
BRDA:71,3,9,0
BRDA:71,3,10,0
BRDA:71,3,11,0
BRDA:71,3,12,0
BRDA:71,3,13,0
BRDA:71,3,14,0
BRDA:71,3,15,0
BRDA:98,4,0,0
BRDA:98,4,1,0
BRDA:105,5,0,0
BRDA:105,5,1,0
BRDA:134,6,0,0
BRDA:134,6,1,0
BRDA:137,7,0,0
BRDA:137,7,1,0
BRDA:137,8,0,0
BRDA:137,8,1,0
BRDA:142,9,0,0
BRDA:142,9,1,0
BRDA:142,10,0,0
BRDA:142,10,1,0
BRDA:142,11,0,0
BRDA:142,11,1,0
BRDA:143,12,0,0
BRDA:143,12,1,0
BRDA:144,13,0,0
BRDA:144,13,1,0
BRDA:147,14,0,0
BRDA:147,14,1,0
BRDA:147,14,2,0
BRDA:147,14,3,0
BRDA:150,15,0,0
BRDA:150,15,1,0
BRDA:169,16,0,0
BRDA:174,17,0,0
BRDA:174,17,1,0
BRDA:181,18,0,0
BRDA:181,18,1,0
BRDA:208,19,0,0
BRDA:208,19,1,0
BRDA:213,20,0,0
BRDA:213,20,1,0
BRDA:218,21,0,0
BRDA:218,21,1,0
BRDA:244,22,0,0
BRDA:244,22,1,0
BRDA:244,22,2,0
BRDA:244,22,3,0
BRDA:244,22,4,0
BRDA:244,22,5,0
BRDA:244,22,6,0
BRDA:244,22,7,0
BRDA:244,22,8,0
BRDA:244,22,9,0
BRDA:244,22,10,0
BRDA:244,22,11,0
BRDA:244,22,12,0
BRDA:244,22,13,0
BRDA:244,22,14,0
BRDA:244,22,15,0
BRDA:244,22,16,0
BRF:74
BRH:0
end_of_record
TN:
SF:src/components/LanguageSwitcher.tsx
FN:9,LanguageSwitcher
FN:14,(anonymous_1)
FN:16,(anonymous_2)
FN:20,(anonymous_3)
FN:21,(anonymous_4)
FN:28,(anonymous_5)
FN:31,(anonymous_6)
FN:40,(anonymous_7)
FN:40,(anonymous_8)
FN:52,(anonymous_9)
FN:56,(anonymous_10)
FNF:11
FNH:0
FNDA:0,LanguageSwitcher
FNDA:0,(anonymous_1)
FNDA:0,(anonymous_2)
FNDA:0,(anonymous_3)
FNDA:0,(anonymous_4)
FNDA:0,(anonymous_5)
FNDA:0,(anonymous_6)
FNDA:0,(anonymous_7)
FNDA:0,(anonymous_8)
FNDA:0,(anonymous_9)
FNDA:0,(anonymous_10)
DA:10,0
DA:11,0
DA:12,0
DA:14,0
DA:15,0
DA:16,0
DA:20,0
DA:21,0
DA:22,0
DA:23,0
DA:24,0
DA:25,0
DA:27,0
DA:28,0
DA:31,0
DA:32,0
DA:33,0
DA:36,0
DA:40,0
DA:53,0
DA:56,0
LF:21
LH:0
BRDA:16,0,0,0
BRDA:16,0,1,0
BRDA:23,1,0,0
BRDA:23,1,1,0
BRDA:24,2,0,0
BRDA:24,2,1,0
BRDA:24,3,0,0
BRDA:24,3,1,0
BRDA:49,4,0,0
BRDA:49,4,1,0
BRDA:59,5,0,0
BRDA:59,5,1,0
BRDA:67,6,0,0
BRDA:67,6,1,0
BRF:14
BRH:0
end_of_record
TN:
SF:src/components/Leaderboard.tsx
FN:27,RankItem2
FN:93,Leaderboard
FN:101,(anonymous_2)
FN:109,(anonymous_3)
FN:110,(anonymous_4)
FN:184,(anonymous_5)
FN:196,(anonymous_6)
FN:214,(anonymous_7)
FN:234,(anonymous_8)
FNF:9
FNH:0
FNDA:0,RankItem2
FNDA:0,Leaderboard
FNDA:0,(anonymous_2)
FNDA:0,(anonymous_3)
FNDA:0,(anonymous_4)
FNDA:0,(anonymous_5)
FNDA:0,(anonymous_6)
FNDA:0,(anonymous_7)
FNDA:0,(anonymous_8)
DA:27,0
DA:35,0
DA:37,0
DA:94,0
DA:95,0
DA:96,0
DA:97,0
DA:101,0
DA:102,0
DA:103,0
DA:104,0
DA:107,0
DA:109,0
DA:110,0
DA:113,0
DA:114,0
DA:121,0
DA:184,0
DA:196,0
DA:215,0
DA:235,0
LF:21
LH:0
BRDA:40,0,0,0
BRDA:40,0,1,0
BRDA:51,1,0,0
BRDA:51,1,1,0
BRDA:53,2,0,0
BRDA:53,2,1,0
BRDA:55,3,0,0
BRDA:55,3,1,0
BRDA:57,4,0,0
BRDA:57,4,1,0
BRDA:60,5,0,0
BRDA:60,5,1,0
BRDA:67,6,0,0
BRDA:67,6,1,0
BRDA:77,7,0,0
BRDA:77,7,1,0
BRDA:82,8,0,0
BRDA:82,8,1,0
BRDA:103,9,0,0
BRDA:103,9,1,0
BRDA:104,10,0,0
BRDA:104,10,1,0
BRDA:113,11,0,0
BRDA:113,11,1,0
BRDA:126,12,0,0
BRDA:126,12,1,0
BRDA:135,13,0,0
BRDA:135,13,1,0
BRDA:144,14,0,0
BRDA:144,14,1,0
BRDA:157,15,0,0
BRDA:157,15,1,0
BRDA:162,16,0,0
BRDA:162,16,1,0
BRDA:170,17,0,0
BRDA:170,17,1,0
BRDA:175,18,0,0
BRDA:175,18,1,0
BRDA:187,19,0,0
BRDA:187,19,1,0
BRDA:199,20,0,0
BRDA:199,20,1,0
BRDA:212,21,0,0
BRDA:212,21,1,0
BRDA:224,22,0,0
BRDA:224,22,1,0
BRDA:224,22,2,0
BRDA:243,23,0,0
BRDA:243,23,1,0
BRDA:243,23,2,0
BRF:50
BRH:0
end_of_record
TN:
SF:src/components/LivenessProgressBar.tsx
FN:17,LivenessProgressBar
FN:27,(anonymous_1)
FN:32,(anonymous_2)
FN:61,(anonymous_3)
FNF:4
FNH:4
FNDA:7,LivenessProgressBar
FNDA:3,(anonymous_1)
FNDA:3,(anonymous_2)
FNDA:3,(anonymous_3)
DA:24,7
DA:25,7
DA:27,7
DA:28,3
DA:29,3
DA:30,3
DA:32,3
DA:33,3
DA:38,3
DA:39,3
DA:40,3
DA:42,3
DA:43,3
DA:44,0
DA:46,3
DA:47,3
DA:51,3
DA:52,0
DA:54,3
DA:59,3
DA:60,3
DA:61,3
DA:64,7
DA:66,7
LF:24
LH:22
BRDA:22,0,0,7
BRDA:43,1,0,0
BRDA:43,1,1,3
BRDA:51,2,0,0
BRDA:51,2,1,3
BRDA:71,3,0,7
BRDA:71,3,1,7
BRDA:76,4,0,0
BRDA:76,4,1,7
BRDA:87,5,0,0
BRDA:87,5,1,7
BRF:11
BRH:7
end_of_record
TN:
SF:src/components/MobileOptimizations.tsx
FN:26,ResponsiveGrid
FN:77,TouchOptimizedButton
FN:157,SwipeableContainer
FN:168,(anonymous_3)
FN:175,(anonymous_4)
FN:217,PullToRefresh
FN:228,(anonymous_6)
FN:237,(anonymous_7)
FN:248,(anonymous_8)
FN:328,MobileSheet
FN:389,StickyHeader
FN:397,(anonymous_11)
FN:398,(anonymous_12)
FN:407,(anonymous_13)
FNF:14
FNH:0
FNDA:0,ResponsiveGrid
FNDA:0,TouchOptimizedButton
FNDA:0,SwipeableContainer
FNDA:0,(anonymous_3)
FNDA:0,(anonymous_4)
FNDA:0,PullToRefresh
FNDA:0,(anonymous_6)
FNDA:0,(anonymous_7)
FNDA:0,(anonymous_8)
FNDA:0,MobileSheet
FNDA:0,StickyHeader
FNDA:0,(anonymous_11)
FNDA:0,(anonymous_12)
FNDA:0,(anonymous_13)
DA:32,0
DA:39,0
DA:49,0
DA:57,0
DA:86,0
DA:88,0
DA:94,0
DA:104,0
DA:164,0
DA:165,0
DA:166,0
DA:168,0
DA:169,0
DA:170,0
DA:171,0
DA:172,0
DA:175,0
DA:176,0
DA:178,0
DA:179,0
DA:181,0
DA:182,0
DA:184,0
DA:185,0
DA:187,0
DA:188,0
DA:189,0
DA:190,0
DA:191,0
DA:195,0
DA:196,0
DA:199,0
DA:222,0
DA:223,0
DA:224,0
DA:225,0
DA:226,0
DA:228,0
DA:229,0
DA:230,0
DA:231,0
DA:232,0
DA:237,0
DA:238,0
DA:239,0
DA:240,0
DA:241,0
DA:242,0
DA:243,0
DA:244,0
DA:248,0
DA:249,0
DA:250,0
DA:251,0
DA:252,0
DA:254,0
DA:255,0
DA:256,0
DA:259,0
DA:335,0
DA:337,0
DA:339,0
DA:394,0
DA:395,0
DA:397,0
DA:398,0
DA:399,0
DA:400,0
DA:403,0
DA:406,0
DA:407,0
DA:410,0
LF:72
LH:0
BRDA:29,0,0,0
BRDA:30,1,0,0
BRDA:39,2,0,0
BRDA:39,2,1,0
BRDA:40,3,0,0
BRDA:40,3,1,0
BRDA:40,3,2,0
BRDA:40,3,3,0
BRDA:40,3,4,0
BRDA:41,4,0,0
BRDA:41,4,1,0
BRDA:42,5,0,0
BRDA:42,5,1,0
BRDA:42,5,2,0
BRDA:42,5,3,0
BRDA:43,6,0,0
BRDA:43,6,1,0
BRDA:44,7,0,0
BRDA:44,7,1,0
BRDA:44,7,2,0
BRDA:45,8,0,0
BRDA:45,8,1,0
BRDA:46,9,0,0
BRDA:46,9,1,0
BRDA:49,10,0,0
BRDA:49,10,1,0
BRDA:50,11,0,0
BRDA:50,11,1,0
BRDA:50,11,2,0
BRDA:51,12,0,0
BRDA:51,12,1,0
BRDA:52,13,0,0
BRDA:52,13,1,0
BRDA:52,13,2,0
BRDA:53,14,0,0
BRDA:53,14,1,0
BRDA:54,15,0,0
BRDA:54,15,1,0
BRDA:81,16,0,0
BRDA:82,17,0,0
BRDA:83,18,0,0
BRDA:84,19,0,0
BRDA:107,20,0,0
BRDA:107,20,1,0
BRDA:113,21,0,0
BRDA:113,21,1,0
BRDA:119,22,0,0
BRDA:119,22,1,0
BRDA:120,23,0,0
BRDA:120,23,1,0
BRDA:123,24,0,0
BRDA:123,24,1,0
BRDA:162,25,0,0
BRDA:170,26,0,0
BRDA:170,26,1,0
BRDA:176,27,0,0
BRDA:176,27,1,0
BRDA:176,28,0,0
BRDA:176,28,1,0
BRDA:179,29,0,0
BRDA:179,29,1,0
BRDA:187,30,0,0
BRDA:187,30,1,0
BRDA:187,31,0,0
BRDA:187,31,1,0
BRDA:188,32,0,0
BRDA:188,32,1,0
BRDA:188,33,0,0
BRDA:188,33,1,0
BRDA:190,34,0,0
BRDA:190,34,1,0
BRDA:190,35,0,0
BRDA:190,35,1,0
BRDA:229,36,0,0
BRDA:229,36,1,0
BRDA:231,37,0,0
BRDA:231,37,1,0
BRDA:238,38,0,0
BRDA:238,38,1,0
BRDA:238,39,0,0
BRDA:238,39,1,0
BRDA:240,40,0,0
BRDA:240,40,1,0
BRDA:249,41,0,0
BRDA:249,41,1,0
BRDA:274,42,0,0
BRDA:274,42,1,0
BRDA:298,43,0,0
BRDA:298,43,1,0
BRDA:333,44,0,0
BRDA:337,45,0,0
BRDA:337,45,1,0
BRDA:341,46,0,0
BRDA:341,46,1,0
BRDA:347,47,0,0
BRDA:347,47,1,0
BRDA:392,48,0,0
BRDA:401,49,0,0
BRDA:401,49,1,0
BRDA:414,50,0,0
BRDA:414,50,1,0
BRF:101
BRH:0
end_of_record
TN:
SF:src/components/Onboarding.tsx
FN:29,Onboarding
FN:37,(anonymous_1)
FN:53,(anonymous_2)
FN:162,(anonymous_3)
FN:169,(anonymous_4)
FN:177,(anonymous_5)
FN:181,(anonymous_6)
FNF:7
FNH:7
FNDA:16,Onboarding
FNDA:5,(anonymous_1)
FNDA:16,(anonymous_2)
FNDA:2,(anonymous_3)
FNDA:4,(anonymous_4)
FNDA:1,(anonymous_5)
FNDA:2,(anonymous_6)
DA:30,16
DA:31,16
DA:32,16
DA:33,16
DA:34,16
DA:37,16
DA:38,5
DA:39,5
DA:40,4
DA:45,16
DA:53,16
DA:54,16
DA:55,10
DA:57,6
DA:58,0
DA:62,6
DA:157,6
DA:160,16
DA:162,16
DA:163,2
DA:164,2
DA:165,2
DA:166,2
DA:169,16
DA:170,4
DA:171,3
DA:173,1
DA:177,16
DA:178,1
DA:181,16
DA:182,2
DA:183,2
DA:184,2
DA:187,16
DA:189,9
LF:35
LH:34
BRDA:39,0,0,4
BRDA:39,0,1,1
BRDA:54,1,0,10
BRDA:54,1,1,6
BRDA:57,2,0,0
BRDA:57,2,1,6
BRDA:157,3,0,6
BRDA:157,3,1,0
BRDA:170,4,0,3
BRDA:170,4,1,1
BRDA:187,5,0,7
BRDA:187,5,1,9
BRDA:212,6,0,4
BRDA:212,6,1,5
BRF:14
BRH:12
end_of_record
TN:
SF:src/components/OracleCharts.tsx
FN:96,(anonymous_0)
FN:107,ChartBackground
FN:159,ChartsHeader
FN:225,(anonymous_3)
FN:237,(anonymous_4)
FN:249,(anonymous_5)
FN:261,(anonymous_6)
FN:273,(anonymous_7)
FN:289,ChartsContent
FN:468,(anonymous_9)
FN:476,(anonymous_10)
FN:636,(anonymous_11)
FN:659,AccuracySummary
FN:756,(anonymous_13)
FN:803,OracleCharts
FN:827,(anonymous_15)
FN:839,(anonymous_16)
FN:847,(anonymous_17)
FN:848,(anonymous_18)
FN:851,(anonymous_19)
FN:852,(anonymous_20)
FN:855,(anonymous_21)
FN:869,(anonymous_22)
FN:870,(anonymous_23)
FN:873,(anonymous_24)
FN:874,(anonymous_25)
FN:883,(anonymous_26)
FN:897,(anonymous_27)
FN:898,(anonymous_28)
FN:901,(anonymous_29)
FN:902,(anonymous_30)
FN:911,(anonymous_31)
FN:925,(anonymous_32)
FN:926,(anonymous_33)
FN:929,(anonymous_34)
FN:930,(anonymous_35)
FN:939,(anonymous_36)
FN:944,(anonymous_37)
FN:957,(anonymous_38)
FN:959,(anonymous_39)
FN:972,(anonymous_40)
FN:974,(anonymous_41)
FN:984,(anonymous_42)
FN:988,(anonymous_43)
FN:990,(anonymous_44)
FN:992,(anonymous_45)
FN:1004,(anonymous_46)
FN:1007,(anonymous_47)
FN:1008,(anonymous_48)
FN:1018,(anonymous_49)
FN:1022,(anonymous_50)
FNF:51
FNH:0
FNDA:0,(anonymous_0)
FNDA:0,ChartBackground
FNDA:0,ChartsHeader
FNDA:0,(anonymous_3)
FNDA:0,(anonymous_4)
FNDA:0,(anonymous_5)
FNDA:0,(anonymous_6)
FNDA:0,(anonymous_7)
FNDA:0,ChartsContent
FNDA:0,(anonymous_9)
FNDA:0,(anonymous_10)
FNDA:0,(anonymous_11)
FNDA:0,AccuracySummary
FNDA:0,(anonymous_13)
FNDA:0,OracleCharts
FNDA:0,(anonymous_15)
FNDA:0,(anonymous_16)
FNDA:0,(anonymous_17)
FNDA:0,(anonymous_18)
FNDA:0,(anonymous_19)
FNDA:0,(anonymous_20)
FNDA:0,(anonymous_21)
FNDA:0,(anonymous_22)
FNDA:0,(anonymous_23)
FNDA:0,(anonymous_24)
FNDA:0,(anonymous_25)
FNDA:0,(anonymous_26)
FNDA:0,(anonymous_27)
FNDA:0,(anonymous_28)
FNDA:0,(anonymous_29)
FNDA:0,(anonymous_30)
FNDA:0,(anonymous_31)
FNDA:0,(anonymous_32)
FNDA:0,(anonymous_33)
FNDA:0,(anonymous_34)
FNDA:0,(anonymous_35)
FNDA:0,(anonymous_36)
FNDA:0,(anonymous_37)
FNDA:0,(anonymous_38)
FNDA:0,(anonymous_39)
FNDA:0,(anonymous_40)
FNDA:0,(anonymous_41)
FNDA:0,(anonymous_42)
FNDA:0,(anonymous_43)
FNDA:0,(anonymous_44)
FNDA:0,(anonymous_45)
FNDA:0,(anonymous_46)
FNDA:0,(anonymous_47)
FNDA:0,(anonymous_48)
FNDA:0,(anonymous_49)
FNDA:0,(anonymous_50)
DA:83,0
DA:93,0
DA:94,0
DA:96,0
DA:97,0
DA:108,0
DA:168,0
DA:225,0
DA:237,0
DA:249,0
DA:261,0
DA:273,0
DA:318,0
DA:469,0
DA:482,0
DA:483,0
DA:484,0
DA:637,0
DA:638,0
DA:639,0
DA:640,0
DA:680,0
DA:681,0
DA:683,0
DA:757,0
DA:804,0
DA:805,0
DA:806,0
DA:807,0
DA:809,0
DA:810,0
DA:812,0
DA:813,0
DA:815,0
DA:816,0
DA:818,0
DA:819,0
DA:821,0
DA:823,0
DA:824,0
DA:825,0
DA:827,0
DA:828,0
DA:829,0
DA:830,0
DA:831,0
DA:832,0
DA:833,0
DA:834,0
DA:835,0
DA:836,0
DA:839,0
DA:840,0
DA:841,0
DA:844,0
DA:847,0
DA:849,0
DA:851,0
DA:852,0
DA:855,0
DA:856,0
DA:857,0
DA:858,0
DA:859,0
DA:860,0
DA:865,0
DA:869,0
DA:871,0
DA:873,0
DA:874,0
DA:883,0
DA:884,0
DA:885,0
[...]
DA:53,2037
DA:54,2037
DA:55,2037
DA:59,451
DA:69,451
DA:70,451
DA:71,451
DA:73,451
DA:75,2
DA:77,2
DA:78,451
DA:79,451
DA:81,451
DA:99,1533
DA:100,1533
DA:101,1533
DA:106,1533
DA:107,1533
DA:108,1533
DA:117,0
DA:119,0
DA:120,0
DA:121,0
DA:124,0
DA:126,0
DA:127,0
DA:129,0
DA:131,0
DA:132,0
DA:137,0
DA:138,0
DA:140,0
DA:141,0
DA:143,0
DA:154,504
DA:156,504
DA:157,504
DA:158,8048
DA:161,504
DA:163,503
DA:164,503
DA:166,503
DA:167,503
DA:171,503
DA:176,503
DA:181,0
DA:182,503
DA:184,503
DA:185,503
DA:186,503
DA:187,503
DA:189,503
DA:190,2515
DA:191,2515
DA:192,503
DA:193,503
DA:196,503
DA:198,503
DA:199,503
DA:201,451
DA:202,451
DA:204,451
DA:221,1533
DA:222,1533
DA:223,1533
DA:224,0
DA:225,0
DA:228,1533
DA:229,504
LF:89
LH:70
BRDA:17,0,0,3
BRDA:17,0,1,3
BRDA:19,1,0,3
BRDA:19,1,1,3
BRDA:21,2,0,3
BRDA:21,2,1,0
BRDA:29,3,0,501
BRDA:29,3,1,3
BRDA:29,4,0,504
BRDA:29,4,1,501
BRDA:30,5,0,0
BRDA:30,5,1,3
BRDA:52,6,0,0
BRDA:52,6,1,2037
BRDA:53,7,0,0
BRDA:53,7,1,2037
BRDA:54,8,0,0
BRDA:54,8,1,2037
BRDA:71,9,0,451
BRDA:71,9,1,2
BRDA:73,10,0,449
BRDA:73,10,1,2
BRDA:77,11,0,2
BRDA:77,11,1,2
BRDA:78,12,0,0
BRDA:78,12,1,2
BRDA:79,13,0,451
BRDA:79,13,1,0
BRDA:89,14,0,0
BRDA:89,14,1,2
BRDA:93,15,0,2
BRDA:93,15,1,2
BRDA:100,16,0,1533
BRDA:100,16,1,3
BRDA:103,17,0,504
BRDA:103,17,1,1029
BRDA:108,18,0,0
BRDA:108,18,1,1533
BRDA:117,19,0,0
BRDA:117,19,1,0
BRDA:121,20,0,0
BRDA:121,20,1,0
BRDA:124,21,0,0
BRDA:124,21,1,0
BRDA:126,22,0,0
BRDA:126,22,1,0
BRDA:129,23,0,0
BRDA:129,23,1,0
BRDA:133,24,0,0
BRDA:133,24,1,0
BRDA:137,25,0,0
BRDA:137,25,1,0
BRDA:137,26,0,0
BRDA:137,26,1,0
BRDA:138,27,0,0
BRDA:138,27,1,0
BRDA:154,28,0,0
BRDA:154,28,1,504
BRDA:158,29,0,8048
BRDA:158,29,1,8048
BRDA:161,30,0,1
BRDA:161,30,1,503
BRDA:168,31,0,503
BRDA:168,31,1,0
BRDA:172,32,0,503
BRDA:172,32,1,0
BRDA:176,33,0,0
BRDA:176,33,1,503
BRDA:177,34,0,503
BRDA:177,34,1,503
BRDA:177,34,2,503
BRDA:182,35,0,0
BRDA:182,35,1,503
BRDA:182,36,0,503
BRDA:182,36,1,503
BRDA:191,37,0,2012
BRDA:191,37,1,503
BRDA:196,38,0,0
BRDA:196,38,1,503
BRDA:199,39,0,52
BRDA:199,39,1,451
BRDA:221,40,0,1533
BRDA:221,40,1,0
BRDA:223,41,0,0
BRDA:223,41,1,1533
BRDA:228,42,0,504
BRDA:228,42,1,1029
BRF:87
BRH:52
end_of_record
TN:
SF:src/server/apiResponse/cache.ts
FN:20,cachedJson
FN:49,(anonymous_1)
FN:53,invalidateCachedJson
FN:68,(anonymous_3)
FN:71,(anonymous_4)
FN:71,(anonymous_5)
FNF:6
FNH:3
FNDA:2216,cachedJson
FNDA:11,(anonymous_1)
FNDA:2,invalidateCachedJson
FNDA:0,(anonymous_3)
FNDA:0,(anonymous_4)
FNDA:0,(anonymous_5)
DA:10,3
DA:15,3
DA:17,3
DA:18,3
DA:25,2216
DA:26,2216
DA:27,2216
DA:29,215
DA:30,215
DA:31,215
DA:32,215
DA:34,2
DA:36,215
DA:42,1
DA:43,1
DA:46,214
DA:47,214
DA:48,214
DA:49,214
DA:50,214
DA:54,2
DA:55,1
DA:57,1
DA:58,0
DA:62,2
DA:63,2
DA:64,2
DA:68,0
DA:69,2
DA:70,2
DA:71,0
DA:72,0
LF:32
LH:28
BRDA:15,0,0,3
BRDA:15,0,1,3
BRDA:17,1,0,3
BRDA:17,1,1,0
BRDA:27,2,0,2001
BRDA:27,2,1,215
BRDA:27,3,0,2216
BRDA:27,3,1,2001
BRDA:36,4,0,1
BRDA:36,4,1,214
BRDA:37,5,0,215
BRDA:37,5,1,1
BRDA:37,5,2,1
BRDA:37,5,3,1
BRDA:54,6,0,1
BRDA:54,6,1,1
BRDA:58,7,0,0
BRDA:58,7,1,0
BRDA:69,8,0,2
BRDA:69,8,1,0
BRDA:70,9,0,2
BRDA:70,9,1,0
BRDA:72,10,0,0
BRDA:72,10,1,0
BRF:24
BRH:17
end_of_record
TN:
SF:src/server/apiResponse/handleApi.ts
FN:8,getActiveTraceContext
FN:25,getRequestId
FN:36,attachRequestId
FN:46,logApiAccess
FN:75,checkSlowRequest
FN:94,enhanceResponse
FN:112,getSampleRate
FN:121,getSlowRequestThreshold
FN:126,getRequestPath
FN:135,handleApiSuccess
FN:196,getErrorStatusCodeAndCode
FN:233,handleApiError
FN:276,(anonymous_12)
FN:321,handleApi
FN:341,(anonymous_14)
FNF:15
FNH:15
FNDA:1533,getActiveTraceContext
FNDA:1533,getRequestId
FNDA:1533,attachRequestId
FNDA:1025,logApiAccess
FNDA:1025,checkSlowRequest
FNDA:1533,enhanceResponse
FNDA:1533,getSampleRate
FNDA:1533,getSlowRequestThreshold
FNDA:1533,getRequestPath
FNDA:1025,handleApiSuccess
FNDA:506,getErrorStatusCodeAndCode
FNDA:508,handleApiError
FNDA:2,(anonymous_12)
FNDA:1533,handleApi
FNDA:1533,(anonymous_14)
DA:12,1533
DA:13,1533
DA:14,1533
DA:15,0
DA:16,0
DA:17,1533
DA:18,1533
DA:19,0
DA:21,0
DA:26,1533
DA:27,1533
DA:28,1533
DA:29,1532
DA:31,1532
DA:32,1533
DA:33,0
DA:37,1533
DA:38,1533
DA:39,1533
DA:41,0
DA:43,1533
DA:57,1025
DA:68,1025
DA:69,0
DA:72,1025
DA:89,1025
DA:90,0
DA:102,1533
DA:103,1533
DA:104,1533
DA:105,1533
DA:106,1533
DA:107,506
DA:109,1533
DA:113,1533
DA:114,1533
DA:122,1533
DA:123,1533
DA:127,1533
DA:128,1533
DA:129,1533
DA:131,0
DA:147,1025
DA:148,1
DA:149,1
DA:150,1
DA:151,1
DA:163,1
DA:164,1
DA:172,1
DA:175,1024
DA:176,1024
DA:177,1024
DA:178,1024
DA:190,1024
DA:191,1024
DA:193,1024
DA:200,506
DA:213,506
DA:214,506
DA:216,506
DA:217,1
DA:218,1
DA:219,505
DA:220,2
DA:221,2
DA:222,503
DA:223,1
DA:224,1
DA:225,502
DA:226,0
DA:227,0
DA:230,506
DA:244,508
DA:245,508
DA:247,508
DA:257,508
DA:258,0
DA:259,0
DA:265,0
DA:272,0
DA:275,508
DA:276,2
DA:277,2
DA:280,2
DA:285,2
DA:292,2
DA:293,2
DA:296,506
DA:297,508
DA:304,508
DA:305,508
DA:310,508
DA:311,506
DA:325,1533
DA:326,1533
DA:327,1533
DA:328,1533
DA:329,1533
DA:330,1533
DA:331,1533
DA:332,1533
DA:333,1533
DA:335,1533
DA:342,1533
DA:343,1533
DA:344,1025
DA:357,508
LF:108
LH:93
BRDA:14,0,0,1533
BRDA:14,0,1,0
BRDA:16,1,0,0
BRDA:16,1,1,0
BRDA:17,2,0,1533
BRDA:17,2,1,0
BRDA:18,3,0,0
BRDA:18,3,1,1533
BRDA:26,4,0,0
BRDA:26,4,1,1533
BRDA:28,5,0,1
BRDA:28,5,1,1532
BRDA:29,6,0,0
BRDA:29,6,1,1532
BRDA:31,7,0,1532
BRDA:31,7,1,1532
BRDA:32,8,0,1532
BRDA:32,8,1,1
BRDA:37,9,0,0
BRDA:37,9,1,1533
BRDA:68,10,0,0
BRDA:68,10,1,1025
BRDA:68,11,0,1025
BRDA:68,11,1,0
BRDA:68,11,2,0
BRDA:89,12,0,0
BRDA:89,12,1,1025
BRDA:103,13,0,1533
BRDA:103,13,1,0
BRDA:104,14,0,0
BRDA:104,14,1,1533
BRDA:105,15,0,0
BRDA:105,15,1,1533
BRDA:106,16,0,506
BRDA:106,16,1,1027
BRDA:113,17,0,1533
BRDA:113,17,1,1533
BRDA:114,18,0,1533
BRDA:114,18,1,0
BRDA:114,19,0,1533
BRDA:114,19,1,1533
BRDA:114,19,2,1533
BRDA:122,20,0,1533
BRDA:122,20,1,1533
BRDA:123,21,0,1533
BRDA:123,21,1,0
BRDA:123,22,0,1533
BRDA:123,22,1,1533
BRDA:127,23,0,0
BRDA:127,23,1,1533
BRDA:147,24,0,1
BRDA:147,24,1,1024
BRDA:216,25,0,1
BRDA:216,25,1,505
BRDA:219,26,0,2
BRDA:219,26,1,503
BRDA:219,27,0,505
BRDA:219,27,1,504
BRDA:222,28,0,1
BRDA:222,28,1,502
BRDA:225,29,0,0
BRDA:225,29,1,502
BRDA:257,30,0,0
BRDA:257,30,1,508
BRDA:275,31,0,2
BRDA:275,31,1,506
BRDA:277,32,0,0
BRDA:277,32,1,2
BRDA:296,33,0,506
BRDA:296,33,1,0
BRDA:301,34,0,506
BRDA:301,34,1,0
BRDA:325,35,0,0
BRDA:325,35,1,1533
BRDA:326,36,0,0
BRDA:326,36,1,1533
BRDA:330,37,0,1533
BRDA:330,37,1,0
BRF:78
BRH:52
end_of_record
TN:
SF:src/server/apiResponse/rateLimit.ts
FN:28,ensureDb
FN:36,maybeAlertRateLimited
FN:60,getClientIp
FN:67,(anonymous_3)
FN:92,(anonymous_4)
FN:97,(anonymous_5)
FN:98,(anonymous_6)
FN:126,getClientFallbackId
FN:141,rateLimitDb
FN:155,(anonymous_9)
FN:189,rateLimitKv
FN:211,(anonymous_11)
FN:259,rateLimit
FNF:13
FNH:8
FNDA:0,ensureDb
FNDA:4,maybeAlertRateLimited
FNDA:11,getClientIp
FNDA:31,(anonymous_3)
FNDA:3,(anonymous_4)
FNDA:8,(anonymous_5)
FNDA:3,(anonymous_6)
FNDA:3,getClientFallbackId
FNDA:0,rateLimitDb
FNDA:0,(anonymous_9)
FNDA:0,rateLimitKv
FNDA:0,(anonymous_11)
FNDA:11,rateLimit
DA:5,3
DA:10,3
DA:16,3
DA:17,3
DA:18,3
DA:21,3
DA:22,3
DA:23,3
DA:25,3
DA:27,3
DA:29,0
DA:30,0
DA:31,0
DA:32,0
DA:41,4
DA:42,0
DA:43,0
DA:44,0
DA:45,0
DA:46,4
DA:47,0
DA:48,0
DA:49,0
DA:61,11
DA:62,11
DA:63,11
DA:64,11
DA:65,11
DA:67,8
DA:68,31
DA:69,31
DA:70,31
DA:71,8
DA:72,8
DA:73,8
DA:74,3
DA:76,8
DA:77,2
DA:79,8
DA:80,0
DA:81,0
DA:83,8
DA:84,8
DA:85,8
DA:86,8
DA:88,0
DA:92,8
DA:93,3
DA:94,3
DA:95,3
DA:96,3
DA:97,8
DA:98,3
DA:99,3
DA:102,8
DA:103,11
DA:104,11
DA:105,0
DA:106,0
DA:109,8
DA:110,8
DA:111,8
DA:112,6
DA:113,6
DA:114,3
DA:115,3
DA:116,3
DA:117,3
DA:118,3
DA:119,3
DA:120,0
DA:122,0
DA:127,3
DA:128,3
DA:129,3
DA:130,3
DA:131,3
DA:132,3
DA:133,3
DA:134,3
DA:135,3
DA:137,3
DA:138,3
DA:146,0
DA:147,0
DA:148,0
DA:149,0
DA:150,0
DA:155,0
DA:157,0
DA:168,0
DA:169,0
DA:171,0
DA:172,0
DA:173,0
DA:174,0
DA:175,0
DA:176,0
DA:177,0
DA:178,0
DA:179,0
DA:184,0
DA:186,0
DA:194,0
DA:195,0
DA:196,0
DA:197,0
DA:198,0
DA:199,0
DA:211,0
DA:214,0
DA:239,0
DA:240,0
DA:241,0
DA:242,0
DA:243,0
DA:244,0
DA:245,0
DA:246,0
DA:247,0
DA:248,0
DA:249,0
DA:254,0
DA:256,0
DA:263,11
DA:264,11
DA:265,11
DA:266,11
DA:268,11
DA:269,11
DA:270,11
DA:272,11
DA:274,11
DA:275,0
DA:276,0
DA:282,11
DA:283,0
DA:285,0
DA:291,0
DA:292,0
DA:294,0
DA:297,0
DA:298,0
DA:300,0
DA:305,11
DA:306,0
DA:307,0
DA:308,0
DA:311,11
DA:312,11
DA:313,11
DA:314,6
DA:315,6
DA:317,5
DA:318,4
DA:322,4
DA:323,4
DA:324,4
DA:325,4
DA:326,4
DA:327,4
DA:332,4
DA:334,1
DA:335,1
DA:336,1
LF:165
LH:93
BRDA:16,0,0,3
BRDA:16,0,1,3
BRDA:17,1,0,3
BRDA:17,1,1,0
BRDA:21,2,0,3
BRDA:21,2,1,3
BRDA:22,3,0,3
BRDA:22,3,1,0
BRDA:29,4,0,0
BRDA:29,4,1,0
BRDA:30,5,0,0
BRDA:30,5,1,0
BRDA:41,6,0,4
BRDA:41,6,1,0
BRDA:45,7,0,0
BRDA:45,7,1,0
BRDA:46,8,0,0
BRDA:46,8,1,4
BRDA:62,9,0,11
BRDA:62,9,1,0
BRDA:65,10,0,3
BRDA:65,10,1,8
BRDA:65,11,0,11
BRDA:65,11,1,3
BRDA:69,12,0,31
BRDA:69,12,1,23
BRDA:70,13,0,23
BRDA:70,13,1,8
BRDA:72,14,0,0
BRDA:72,14,1,8
BRDA:73,15,0,3
BRDA:73,15,1,5
BRDA:76,16,0,2
BRDA:76,16,1,6
BRDA:76,17,0,8
BRDA:76,17,1,2
BRDA:76,17,2,2
BRDA:79,18,0,0
BRDA:79,18,1,8
BRDA:79,19,0,8
BRDA:79,19,1,8
BRDA:79,19,2,0
BRDA:81,20,0,0
BRDA:81,20,1,0
BRDA:81,21,0,0
BRDA:81,21,1,0
BRDA:83,22,0,0
BRDA:83,22,1,8
BRDA:83,23,0,8
BRDA:83,23,1,0
BRDA:84,24,0,0
BRDA:84,24,1,8
BRDA:85,25,0,0
BRDA:85,25,1,8
BRDA:94,26,0,0
BRDA:94,26,1,3
BRDA:95,27,0,3
BRDA:95,27,1,0
BRDA:96,28,0,0
BRDA:96,28,1,3
BRDA:99,29,0,3
BRDA:99,29,1,0
BRDA:102,30,0,8
BRDA:102,30,1,8
BRDA:104,31,0,0
BRDA:104,31,1,11
BRDA:105,32,0,0
BRDA:105,32,1,0
BRDA:105,33,0,0
BRDA:105,33,1,0
BRDA:109,34,0,0
BRDA:109,34,1,8
BRDA:111,35,0,2
BRDA:111,35,1,6
BRDA:113,36,0,3
BRDA:113,36,1,3
BRDA:115,37,0,0
BRDA:115,37,1,3
BRDA:117,38,0,0
BRDA:117,38,1,3
BRDA:119,39,0,3
BRDA:119,39,1,0
BRDA:127,40,0,3
BRDA:127,40,1,3
BRDA:128,41,0,3
BRDA:128,41,1,3
BRDA:133,42,0,0
BRDA:133,42,1,3
BRDA:133,43,0,3
BRDA:133,43,1,3
BRDA:135,44,0,0
BRDA:135,44,1,3
BRDA:138,45,0,3
BRDA:138,45,1,0
BRDA:148,46,0,0
BRDA:148,46,1,0
BRDA:169,47,0,0
BRDA:169,47,1,0
BRDA:171,48,0,0
BRDA:171,48,1,0
BRDA:172,49,0,0
BRDA:172,49,1,0
BRDA:194,50,0,0
BRDA:194,50,1,0
BRDA:197,51,0,0
BRDA:197,51,1,0
BRDA:240,52,0,0
BRDA:240,52,1,0
BRDA:241,53,0,0
BRDA:241,53,1,0
BRDA:242,54,0,0
BRDA:242,54,1,0
BRDA:264,55,0,3
BRDA:264,55,1,8
BRDA:266,56,0,11
BRDA:266,56,1,3
BRDA:270,57,0,11
BRDA:270,57,1,11
BRDA:272,58,0,11
BRDA:272,58,1,8
BRDA:272,58,2,8
BRDA:272,58,3,0
BRDA:272,58,4,0
BRDA:274,59,0,0
BRDA:274,59,1,11
BRDA:274,60,0,11
BRDA:274,60,1,0
BRDA:274,60,2,0
BRDA:274,60,3,0
BRDA:282,61,0,0
BRDA:282,61,1,11
BRDA:282,62,0,11
BRDA:282,62,1,3
BRDA:283,63,0,0
BRDA:283,63,1,0
BRDA:285,64,0,0
BRDA:285,64,1,0
BRDA:285,65,0,0
BRDA:285,65,1,0
BRDA:285,65,2,0
BRDA:286,66,0,0
BRDA:286,66,1,0
BRDA:294,67,0,0
BRDA:294,67,1,0
BRDA:297,68,0,0
BRDA:297,68,1,0
BRDA:305,69,0,0
BRDA:305,69,1,11
BRDA:305,70,0,11
BRDA:305,70,1,0
BRDA:308,71,0,0
BRDA:308,71,1,0
BRDA:313,72,0,6
BRDA:313,72,1,5
BRDA:313,73,0,11
BRDA:313,73,1,5
BRDA:317,74,0,4
BRDA:317,74,1,1
BRF:158
BRH:78
end_of_record
TN:
SF:src/server/apiResponse/response.ts
FN:7,ok
FN:15,error
FNF:2
FNH:2
FNDA:1025,ok
FNDA:514,error
DA:8,1025
DA:9,1025
DA:10,1025
DA:20,514
DA:21,514
DA:22,514
LF:6
LH:6
BRDA:9,0,0,1025
BRDA:9,0,1,0
BRDA:17,1,0,514
BRDA:21,2,0,514
BRDA:21,2,1,0
BRF:5
BRH:3
end_of_record
TN:
SF:src/server/oracle/contract.ts
FN:6,getRpcTimeoutMs
FN:13,getBondData
FN:53,getOwnerData
FNF:3
FNH:0
FNDA:0,getRpcTimeoutMs
FNDA:0,getBondData
FNDA:0,getOwnerData
DA:7,0
DA:10,0
DA:17,0
DA:18,0
DA:20,0
DA:21,0
DA:22,0
DA:23,0
DA:24,0
DA:25,0
DA:32,0
DA:38,0
DA:39,0
DA:40,0
DA:42,0
DA:46,0
DA:47,0
DA:50,0
DA:57,0
DA:58,0
DA:60,0
DA:61,0
DA:62,0
DA:63,0
DA:64,0
DA:65,0
DA:72,0
DA:78,0
DA:79,0
DA:80,0
DA:82,0
DA:84,0
DA:88,0
DA:89,0
DA:93,0
LF:35
LH:0
BRDA:8,0,0,0
BRDA:8,0,1,0
BRDA:8,0,2,0
BRDA:10,1,0,0
BRDA:10,1,1,0
BRDA:10,2,0,0
BRDA:10,2,1,0
BRDA:20,3,0,0
BRDA:20,3,1,0
BRDA:20,4,0,0
BRDA:20,4,1,0
BRDA:60,5,0,0
BRDA:60,5,1,0
BRDA:60,6,0,0
BRDA:60,6,1,0
BRDA:81,7,0,0
BRDA:81,7,1,0
BRDA:81,7,2,0
BRF:18
BRH:0
end_of_record
TN:
SF:src/server/oracle/index.ts
FNF:0
FNH:0
LF:0
LH:0
BRF:0
BRH:0
end_of_record
TN:
SF:src/server/oracle/priceFetcher.ts
FN:42,getDependencyTimeoutMs
FN:48,fetchJson
FN:51,(anonymous_2)
FN:65,(anonymous_3)
FN:74,normalizeSymbol
FN:80,fallbackSpotUsd
FN:85,toBinanceSymbol
FN:90,toCoinbaseProduct
FN:95,fetchBinanceSpotUsdUncached
FN:108,fetchCoinbaseSpotUsdUncached
FN:121,getCachedNumber
FN:134,cachedNumber
FN:146,(anonymous_12)
FN:150,(anonymous_13)
FN:157,fetchSpotUsdWithCache
FN:164,(anonymous_15)
FN:175,canAttemptProvider
FN:181,recordProviderOk
FN:185,recordProviderFail
FN:195,fetchSpotUsdResilient
FN:222,fetchBinanceDailyClosesUsd
FN:246,fetchCoinbaseDailyClosesUsd
FN:263,(anonymous_22)
FN:271,(anonymous_23)
FN:275,getDexRpcUrl
FN:288,divFloor
FN:296,clampTick
FN:312,fetchDexTwapPriceUsdUncached
FN:344,(anonymous_28)
FN:413,fetchDexTwapPriceUsdCached
FN:431,(anonymous_30)
FN:438,(anonymous_31)
FN:445,syntheticSpotUsd
FN:456,generateMockHistory
FN:487,fetchReferencePriceHistory
FN:544,(anonymous_35)
FN:564,fetchCurrentPrice
FN:630,calculateHealthScore
FN:635,(anonymous_38)
FNF:39
FNH:18
FNDA:2,getDependencyTimeoutMs
FNDA:2,fetchJson
FNDA:0,(anonymous_2)
FNDA:0,(anonymous_3)
FNDA:7,normalizeSymbol
FNDA:1,fallbackSpotUsd
FNDA:1,toBinanceSymbol
FNDA:1,toCoinbaseProduct
FNDA:1,fetchBinanceSpotUsdUncached
FNDA:1,fetchCoinbaseSpotUsdUncached
FNDA:2,getCachedNumber
FNDA:2,cachedNumber
FNDA:0,(anonymous_12)
FNDA:2,(anonymous_13)
FNDA:2,fetchSpotUsdWithCache
FNDA:2,(anonymous_15)
FNDA:2,canAttemptProvider
FNDA:0,recordProviderOk
FNDA:2,recordProviderFail
FNDA:1,fetchSpotUsdResilient
FNDA:0,fetchBinanceDailyClosesUsd
FNDA:0,fetchCoinbaseDailyClosesUsd
FNDA:0,(anonymous_22)
FNDA:0,(anonymous_23)
FNDA:0,getDexRpcUrl
FNDA:0,divFloor
FNDA:0,clampTick
FNDA:0,fetchDexTwapPriceUsdUncached
FNDA:0,(anonymous_28)
FNDA:1,fetchDexTwapPriceUsdCached
FNDA:0,(anonymous_30)
FNDA:0,(anonymous_31)
FNDA:0,syntheticSpotUsd
FNDA:0,generateMockHistory
FNDA:0,fetchReferencePriceHistory
FNDA:0,(anonymous_35)
FNDA:1,fetchCurrentPrice
FNDA:0,calculateHealthScore
FNDA:0,(anonymous_38)
DA:14,1
DA:15,1
DA:16,1
DA:18,1
DA:19,1
DA:20,1
DA:22,1
DA:23,1
DA:24,1
DA:26,1
DA:27,1
DA:28,1
DA:31,1
DA:40,1
DA:43,2
DA:44,2
DA:45,2
DA:49,2
DA:50,2
DA:51,0
DA:54,2
DA:55,2
DA:64,0
DA:65,0
DA:66,0
DA:68,0
DA:70,2
DA:75,7
DA:76,7
DA:77,7
DA:81,1
DA:82,1
DA:86,1
DA:87,1
DA:91,1
DA:92,1
DA:96,1
DA:97,1
DA:102,0
DA:103,0
DA:104,0
DA:105,0
DA:109,1
DA:110,1
DA:115,0
DA:116,0
DA:117,0
DA:118,0
DA:125,2
DA:126,2
DA:127,0
DA:128,0
DA:129,0
DA:131,0
DA:141,2
DA:142,2
DA:143,2
DA:144,2
DA:145,2
DA:147,0
DA:148,0
DA:151,2
DA:153,2
DA:154,2
DA:161,2
DA:162,2
DA:163,2
DA:164,2
DA:166,2
DA:169,0
DA:170,0
DA:171,0
DA:176,2
DA:177,2
DA:178,0
DA:182,0
DA:186,2
DA:187,2
DA:188,2
DA:192,2
DA:199,1
DA:200,1
DA:205,1
DA:206,1
DA:207,2
DA:208,2
DA:209,2
DA:210,2
DA:211,0
DA:212,0
DA:213,0
DA:215,2
DA:216,2
DA:219,1
DA:226,0
DA:227,0
DA:228,0
DA:232,0
DA:235,0
DA:236,0
DA:237,0
DA:238,0
DA:239,0
DA:240,0
DA:241,0
DA:243,0
DA:250,0
DA:251,0
DA:252,0
DA:253,0
DA:254,0
DA:255,0
DA:261,0
DA:262,0
DA:264,0
DA:265,0
DA:266,0
DA:267,0
DA:268,0
DA:271,0
DA:272,0
DA:276,0
DA:284,0
DA:285,0
DA:289,0
DA:290,0
DA:291,0
DA:292,0
DA:293,0
DA:297,0
DA:298,0
DA:299,0
DA:300,0
DA:301,0
DA:304,1
DA:310,1
DA:315,0
DA:316,0
DA:318,0
DA:319,0
DA:323,0
DA:327,0
DA:328,0
DA:330,0
DA:331,0
DA:335,0
DA:336,0
DA:338,0
DA:343,0
DA:345,0
DA:360,0
DA:375,0
DA:381,0
DA:385,0
DA:388,0
DA:395,0
DA:396,0
DA:397,0
DA:398,0
DA:399,0
DA:400,0
DA:402,0
DA:403,0
DA:404,0
DA:405,0
DA:406,0
DA:407,0
DA:409,0
DA:416,1
DA:417,1
DA:418,0
DA:419,1
DA:422,1
DA:423,1
DA:426,1
DA:427,1
DA:428,0
DA:429,0
DA:430,0
DA:432,0
DA:436,0
DA:439,0
DA:441,0
DA:442,0
DA:446,0
DA:448,0
DA:449,0
DA:450,0
DA:451,0
DA:452,0
DA:453,0
DA:457,0
DA:458,0
DA:459,0
DA:461,0
DA:463,0
DA:465,0
DA:466,0
DA:467,0
DA:468,0
DA:469,0
DA:470,0
DA:471,0
DA:473,0
DA:474,0
DA:476,0
DA:484,0
DA:492,0
DA:493,0
DA:497,0
DA:498,0
DA:499,0
DA:500,0
DA:505,0
DA:506,0
DA:511,0
DA:515,0
DA:516,0
DA:517,0
DA:518,0
DA:519,0
DA:521,0
DA:524,0
DA:525,0
DA:526,0
DA:527,0
DA:534,0
DA:537,0
DA:541,0
DA:542,0
DA:544,0
DA:545,0
DA:546,0
DA:547,0
DA:548,0
DA:557,0
DA:568,1
DA:572,1
DA:573,1
DA:574,1
DA:576,1
DA:577,1
DA:578,1
DA:580,1
DA:583,1
DA:586,1
DA:587,1
DA:588,0
DA:590,1
DA:591,1
DA:594,1
DA:598,1
DA:601,1
DA:604,1
DA:606,1
DA:608,1
DA:614,0
DA:616,0
DA:621,1
DA:623,1
DA:624,1
DA:631,0
DA:635,0
DA:640,0
DA:643,0
DA:645,0
LF:266
LH:98
BRDA:43,0,0,2
BRDA:43,0,1,2
BRDA:44,1,0,0
BRDA:44,1,1,2
BRDA:44,2,0,2
BRDA:44,2,1,2
BRDA:60,3,0,2
BRDA:60,3,1,2
BRDA:64,4,0,0
BRDA:64,4,1,0
BRDA:75,5,0,7
BRDA:75,5,1,0
BRDA:76,6,0,0
BRDA:76,6,1,7
BRDA:82,7,0,0
BRDA:82,7,1,1
BRDA:82,8,0,1
BRDA:82,8,1,0
BRDA:103,9,0,0
BRDA:103,9,1,0
BRDA:103,10,0,0
BRDA:103,10,1,0
BRDA:116,11,0,0
BRDA:116,11,1,0
BRDA:116,12,0,0
BRDA:116,12,1,0
BRDA:126,13,0,2
BRDA:126,13,1,0
BRDA:127,14,0,0
BRDA:127,14,1,0
BRDA:142,15,0,0
BRDA:142,15,1,2
BRDA:144,16,0,0
BRDA:144,16,1,2
BRDA:166,17,0,1
BRDA:166,17,1,1
BRDA:170,18,0,0
BRDA:170,18,1,0
BRDA:170,19,0,0
BRDA:170,19,1,0
BRDA:177,20,0,2
BRDA:177,20,1,0
BRDA:186,21,0,2
BRDA:186,21,1,2
BRDA:202,22,0,1
BRDA:202,22,1,0
BRDA:208,23,0,0
BRDA:208,23,1,2
BRDA:219,24,0,1
BRDA:219,24,1,0
BRDA:239,25,0,0
BRDA:239,25,1,0
BRDA:239,26,0,0
BRDA:239,26,1,0
BRDA:239,26,2,0
BRDA:266,27,0,0
BRDA:266,27,1,0
BRDA:266,28,0,0
BRDA:266,28,1,0
BRDA:266,28,2,0
BRDA:276,29,0,0
BRDA:276,29,1,0
BRDA:276,29,2,0
BRDA:276,29,3,0
BRDA:276,29,4,0
BRDA:276,29,5,0
BRDA:276,29,6,0
BRDA:284,30,0,0
BRDA:284,30,1,0
BRDA:285,31,0,0
BRDA:285,31,1,0
BRDA:289,32,0,0
BRDA:289,32,1,0
BRDA:292,33,0,0
BRDA:292,33,1,0
BRDA:292,34,0,0
BRDA:292,34,1,0
BRDA:299,35,0,0
BRDA:299,35,1,0
BRDA:300,36,0,0
BRDA:300,36,1,0
BRDA:313,37,0,0
BRDA:315,38,0,0
BRDA:315,38,1,0
BRDA:316,39,0,0
BRDA:316,39,1,0
BRDA:318,40,0,0
BRDA:318,40,1,0
BRDA:319,41,0,0
BRDA:319,41,1,0
BRDA:324,42,0,0
BRDA:324,42,1,0
BRDA:328,43,0,0
BRDA:328,43,1,0
BRDA:338,44,0,0
BRDA:338,44,1,0
BRDA:338,45,0,0
BRDA:338,45,1,0
BRDA:343,46,0,0
BRDA:343,46,1,0
BRDA:397,47,0,0
BRDA:397,47,1,0
BRDA:397,48,0,0
BRDA:397,48,1,0
BRDA:400,49,0,0
BRDA:400,49,1,0
BRDA:405,50,0,0
BRDA:405,50,1,0
BRDA:405,51,0,0
BRDA:405,51,1,0
BRDA:406,52,0,0
BRDA:406,52,1,0
BRDA:407,53,0,0
BRDA:407,53,1,0
BRDA:407,54,0,0
BRDA:407,54,1,0
BRDA:414,55,0,1
BRDA:416,56,0,1
BRDA:416,56,1,1
BRDA:417,57,0,1
BRDA:417,57,1,0
BRDA:418,58,0,0
BRDA:418,58,1,0
BRDA:420,59,0,1
BRDA:420,59,1,0
BRDA:424,60,0,0
BRDA:424,60,1,0
BRDA:425,61,0,0
BRDA:425,61,1,0
BRDA:425,62,0,1
BRDA:425,62,1,0
BRDA:427,63,0,0
BRDA:427,63,1,1
BRDA:427,64,0,1
BRDA:427,64,1,0
BRDA:429,65,0,0
BRDA:429,65,1,0
BRDA:448,66,0,0
BRDA:448,66,1,0
BRDA:448,67,0,0
BRDA:448,67,1,0
BRDA:448,68,0,0
BRDA:448,68,1,0
BRDA:463,69,0,0
BRDA:463,69,1,0
BRDA:463,70,0,0
BRDA:463,70,1,0
BRDA:463,71,0,0
BRDA:463,71,1,0
BRDA:471,72,0,0
BRDA:471,72,1,0
BRDA:488,73,0,0
BRDA:489,74,0,0
BRDA:493,75,0,0
BRDA:493,75,1,0
BRDA:497,76,0,0
BRDA:497,76,1,0
BRDA:501,77,0,0
BRDA:501,77,1,0
BRDA:507,78,0,0
BRDA:507,78,1,0
BRDA:516,79,0,0
BRDA:516,79,1,0
BRDA:516,80,0,0
BRDA:516,80,1,0
BRDA:521,81,0,0
BRDA:521,81,1,0
BRDA:521,82,0,0
BRDA:521,82,1,0
BRDA:538,83,0,0
BRDA:538,83,1,0
BRDA:541,84,0,0
BRDA:541,84,1,0
BRDA:541,85,0,0
BRDA:541,85,1,0
BRDA:542,86,0,0
BRDA:542,86,1,0
BRDA:542,87,0,0
BRDA:542,87,1,0
BRDA:547,88,0,0
BRDA:547,88,1,0
BRDA:565,89,0,1
BRDA:568,90,0,1
BRDA:568,90,1,0
BRDA:572,91,0,1
BRDA:572,91,1,0
BRDA:574,92,0,1
BRDA:574,92,1,0
BRDA:584,93,0,1
BRDA:584,93,1,1
BRDA:587,94,0,0
BRDA:587,94,1,1
BRDA:594,95,0,0
BRDA:594,95,1,1
BRDA:594,96,0,1
BRDA:594,96,1,0
BRDA:598,97,0,0
BRDA:598,97,1,1
BRDA:598,98,0,1
BRDA:598,98,1,0
BRDA:604,99,0,1
BRDA:604,99,1,1
BRDA:604,99,2,1
BRDA:604,99,3,1
BRDA:604,99,4,1
BRDA:606,100,0,1
BRDA:606,100,1,1
BRDA:606,100,2,1
BRDA:606,100,3,1
BRDA:606,100,4,1
BRDA:616,101,0,0
BRDA:616,101,1,0
BRDA:618,102,0,0
BRDA:618,102,1,0
BRDA:621,103,0,0
BRDA:621,103,1,0
BRDA:631,104,0,0
BRDA:631,104,1,0
BRF:218
BRH:51
end_of_record
